#
# A fatal error has been detected by the Java Runtime Environment:
#
#  SIGSEGV (0xb) at pc=0x00007f9749289ede, pid=16280, tid=0x00007f974a568700
#
# JRE version: Java(TM) SE Runtime Environment (8.0_171-b11) (build 1.8.0_171-b11)
# Java VM: Java HotSpot(TM) 64-Bit Server VM (25.171-b11 mixed mode linux-amd64 compressed oops)
# Problematic frame:
# V  [libjvm.so+0x929ede]  SR_handler(int, siginfo*, ucontext*)+0x3e
#
# Failed to write core dump. Core dumps have been disabled. To enable core dumping, try "ulimit -c unlimited" before starting Java again
#
# If you would like to submit a bug report, please visit:
#   http://bugreport.java.com/bugreport/crash.jsp
#

---------------  T H R E A D  ---------------

Current thread is native thread

siginfo: si_signo: 11 (SIGSEGV), si_code: 1 (SEGV_MAPERR), si_addr: 0x0000000000000128

Registers:
RAX=0x0000000000000000, RBX=0x00007f974a566700, RCX=0x00007f974a14998d, RDX=0x00007f974a568a20
RSP=0x00007ffced988240, RBP=0x00007ffced9882f0, RSI=0x00007ffced988430, RDI=0x0000000000000001
R8 =0x00000000000000ca, R9 =0x00007f974a5669d0, R10=0x0000000000000000, R11=0x0000000000000246
R12=0x00007ffced988300, R13=0x00007ffced988430, R14=0x00007f974a568698, R15=0x0000000000000000
RIP=0x00007f9749289ede, EFLAGS=0x0000000000010246, CSGSFS=0x002b000000000033, ERR=0x0000000000000004
  TRAPNO=0x000000000000000e

Top of Stack: (sp=0x00007ffced988240)
0x00007ffced988240:   0000000000000007 00007f9700000001
0x00007ffced988250:   00007f97498c4df0 00007f97490176d0
0x00007ffced988260:   0000000100000739 00007f97499d86ce
0x00007ffced988270:   00007ffced988820 00007f97499d86ce
0x00007ffced988280:   00007ffced988830 00007ffced988820
0x00007ffced988290:   00007f9749f3bffc 00007ffced988958
0x00007ffced9882a0:   0000000000000000 00007f97499aa92d
0x00007ffced9882b0:   0000000000000000 00007ffc00000018
0x00007ffced9882c0:   00007ffced988364 00007f974a566700
0x00007ffced9882d0:   00007ffced9888b0 0000000000000000
0x00007ffced9882e0:   00007f974a568700 00007f974a566d28
0x00007ffced9882f0:   00007ffced988950 00007f974a152390
0x00007ffced988300:   0000000000000007 0000000000000000
0x00007ffced988310:   0000000000000000 0000000000000002
0x00007ffced988320:   0000000000000000 00000000000000ca
0x00007ffced988330:   00007f974a5669d0 0000000000000000
0x00007ffced988340:   0000000000000246 00007ffced9888b0
0x00007ffced988350:   0000000000000000 00007f974a568700
0x00007ffced988360:   00007f974a566d28 00007f974a5669d0
0x00007ffced988370:   0000000000000000 00007ffced988950
0x00007ffced988380:   00007f974a566700 0000000000003f99
0x00007ffced988390:   00000000000000ca 00007f974a14998d
0x00007ffced9883a0:   00007ffced9888a0 00007f974a14998b
0x00007ffced9883b0:   0000000000000246 002b000000000033
0x00007ffced9883c0:   0000000000000000 0000000000000000
0x00007ffced9883d0:   0000000000000000 0000000000000000
0x00007ffced9883e0:   00007ffced9884c0 00007f974996dff8
0x00007ffced9883f0:   00007f974a56a000 00007ffced988498
0x00007ffced988400:   00007ffced988494 00007f974a367fe1
0x00007ffced988410:   00007f974996dff8 00007f974a14400d
0x00007ffced988420:   00007f974a141f60 0000000000000000
0x00007ffced988430:   000000000000000c 0000000000000000 

Instructions: (pc=0x00007f9749289ede)
0x00007f9749289ebe:   48 81 ec b0 00 00 00 e8 66 59 8f ff 44 8b 38 49
0x00007f9749289ece:   89 c6 48 8b 05 59 6d 65 00 8b 38 e8 02 63 8f ff
0x00007f9749289ede:   48 8b 98 28 01 00 00 8b 83 a8 00 00 00 83 e8 01
0x00007f9749289eee:   74 20 45 89 3e 48 8b 5d d8 4c 8b 65 e0 4c 8b 6d 

Register to memory mapping:

RAX=0x0000000000000000 is an unknown value
RBX=0x00007f974a566700 is pointing into the stack for thread: 0x00007f974400a800
RCX=0x00007f974a14998d: pthread_join+0xbd in /lib/x86_64-linux-gnu/libpthread.so.0 at 0x00007f974a141000
RDX=0x00007f974a568a20 is an unknown value
RSP=0x00007ffced988240 is an unknown value
RBP=0x00007ffced9882f0 is an unknown value
RSI=0x00007ffced988430 is an unknown value
RDI=0x0000000000000001 is an unknown value
R8 =0x00000000000000ca is an unknown value
R9 =0x00007f974a5669d0 is pointing into the stack for thread: 0x00007f974400a800
R10=0x0000000000000000 is an unknown value
R11=0x0000000000000246 is an unknown value
R12=0x00007ffced988300 is an unknown value
R13=0x00007ffced988430 is an unknown value
R14=0x00007f974a568698 is an unknown value
R15=0x0000000000000000 is an unknown value


Stack: [0x00007ffced88e000,0x00007ffced98e000],  sp=0x00007ffced988240,  free space=1000k
Native frames: (J=compiled Java code, j=interpreted, Vv=VM code, C=native code)
V  [libjvm.so+0x929ede]  SR_handler(int, siginfo*, ucontext*)+0x3e
C  [libpthread.so.0+0x11390]


---------------  P R O C E S S  ---------------

VM state:not at safepoint (normal execution)

VM Mutex/Monitor currently owned by a thread: None

Heap:
 PSYoungGen      total 86528K, used 85562K [0x000000078c700000, 0x0000000792200000, 0x00000007c0000000)
  eden space 79872K, 98% used [0x000000078c700000,0x0000000791410210,0x0000000791500000)
  from space 6656K, 99% used [0x0000000791b80000,0x00000007921fe718,0x0000000792200000)
  to   space 6656K, 0% used [0x0000000791500000,0x0000000791500000,0x0000000791b80000)
 ParOldGen       total 106496K, used 10415K [0x0000000725400000, 0x000000072bc00000, 0x000000078c700000)
  object space 106496K, 9% used [0x0000000725400000,0x0000000725e2bfb8,0x000000072bc00000)
 Metaspace       used 10885K, capacity 11092K, committed 11264K, reserved 1058816K
  class space    used 1169K, capacity 1251K, committed 1280K, reserved 1048576K

Card table byte_map: [0x00007f9733d0d000,0x00007f97341e4000] byte_map_base: 0x00007f97303e3000

Marking Bits: (ParMarkBitMap*) 0x00007f9749930280
 Begin Bits: [0x00007f97172a0000, 0x00007f9719950000)
 End Bits:   [0x00007f9719950000, 0x00007f971c000000)

Polling page: 0x00007f974a582000

CodeCache: size=245760Kb used=5620Kb max_used=5663Kb free=240140Kb
 bounds [0x00007f97345a4000, 0x00007f9734b44000, 0x00007f97435a4000]
 total_blobs=1925 nmethods=1502 adapters=337
 compilation: enabled

Compilation events (10 events):
Event: 2.551 Thread 0x00007f9744180000 nmethod 1422 0x00007f9734af4750 code [0x00007f9734af4f20, 0x00007f9734afacd8]
Event: 2.551 Thread 0x00007f9744180000 1502       4       technology.tabula.TextChunk::getText (69 bytes)
Event: 2.571 Thread 0x00007f9744180000 nmethod 1502 0x00007f9734aef450 code [0x00007f9734aef620, 0x00007f9734af01d8]
Event: 2.571 Thread 0x00007f9744180000 1412       4       org.apache.pdfbox.pdmodel.font.PDSimpleFont::getFontHeight (164 bytes)
Event: 2.597 Thread 0x00007f9744180000 nmethod 1412 0x00007f9734b043d0 code [0x00007f9734b04680, 0x00007f9734b05a50]
Event: 2.597 Thread 0x00007f9744180000 1413       4       org.apache.fontbox.afm.FontMetric::getCharacterHeight (52 bytes)
Event: 2.606 Thread 0x00007f9744180000 nmethod 1413 0x00007f9734af3a90 code [0x00007f9734af3c40, 0x00007f9734af4258]
Event: 2.606 Thread 0x00007f9744180000 1410       4       org.apache.pdfbox.pdmodel.font.PDFont::encode (110 bytes)
Event: 2.615 Thread 0x00007f9744180000 nmethod 1410 0x00007f9734b06e50 code [0x00007f9734b07020, 0x00007f9734b077e8]
Event: 2.915 Thread 0x00007f9744183000 nmethod 1359 0x00007f9734b14cd0 code [0x00007f9734b15b80, 0x00007f9734b21d30]

GC Heap History (4 events):
Event: 1.239 GC heap before
{Heap before GC invocations=1 (full 0):
 PSYoungGen      total 46592K, used 39936K [0x000000078c700000, 0x000000078fb00000, 0x00000007c0000000)
  eden space 39936K, 100% used [0x000000078c700000,0x000000078ee00000,0x000000078ee00000)
  from space 6656K, 0% used [0x000000078f480000,0x000000078f480000,0x000000078fb00000)
  to   space 6656K, 0% used [0x000000078ee00000,0x000000078ee00000,0x000000078f480000)
 ParOldGen       total 106496K, used 0K [0x0000000725400000, 0x000000072bc00000, 0x000000078c700000)
  object space 106496K, 0% used [0x0000000725400000,0x0000000725400000,0x000000072bc00000)
 Metaspace       used 8970K, capacity 9168K, committed 9344K, reserved 1056768K
  class space    used 989K, capacity 1057K, committed 1152K, reserved 1048576K
Event: 1.265 GC heap after
Heap after GC invocations=1 (full 0):
 PSYoungGen      total 46592K, used 6640K [0x000000078c700000, 0x0000000792200000, 0x00000007c0000000)
  eden space 39936K, 0% used [0x000000078c700000,0x000000078c700000,0x000000078ee00000)
  from space 6656K, 99% used [0x000000078ee00000,0x000000078f47c180,0x000000078f480000)
  to   space 6656K, 0% used [0x0000000791b80000,0x0000000791b80000,0x0000000792200000)
 ParOldGen       total 106496K, used 4122K [0x0000000725400000, 0x000000072bc00000, 0x000000078c700000)
  object space 106496K, 3% used [0x0000000725400000,0x0000000725806b60,0x000000072bc00000)
 Metaspace       used 8970K, capacity 9168K, committed 9344K, reserved 1056768K
  class space    used 989K, capacity 1057K, committed 1152K, reserved 1048576K
}
Event: 1.864 GC heap before
{Heap before GC invocations=2 (full 0):
 PSYoungGen      total 46592K, used 46576K [0x000000078c700000, 0x0000000792200000, 0x00000007c0000000)
  eden space 39936K, 100% used [0x000000078c700000,0x000000078ee00000,0x000000078ee00000)
  from space 6656K, 99% used [0x000000078ee00000,0x000000078f47c180,0x000000078f480000)
  to   space 6656K, 0% used [0x0000000791b80000,0x0000000791b80000,0x0000000792200000)
 ParOldGen       total 106496K, used 4122K [0x0000000725400000, 0x000000072bc00000, 0x000000078c700000)
  object space 106496K, 3% used [0x0000000725400000,0x0000000725806b60,0x000000072bc00000)
 Metaspace       used 10754K, capacity 10964K, committed 11264K, reserved 1058816K
  class space    used 1164K, capacity 1251K, committed 1280K, reserved 1048576K
Event: 1.877 GC heap after
Heap after GC invocations=2 (full 0):
 PSYoungGen      total 86528K, used 6649K [0x000000078c700000, 0x0000000792200000, 0x00000007c0000000)
  eden space 79872K, 0% used [0x000000078c700000,0x000000078c700000,0x0000000791500000)
  from space 6656K, 99% used [0x0000000791b80000,0x00000007921fe718,0x0000000792200000)
  to   space 6656K, 0% used [0x0000000791500000,0x0000000791500000,0x0000000791b80000)
 ParOldGen       total 106496K, used 10415K [0x0000000725400000, 0x000000072bc00000, 0x000000078c700000)
  object space 106496K, 9% used [0x0000000725400000,0x0000000725e2bfb8,0x000000072bc00000)
 Metaspace       used 10754K, capacity 10964K, committed 11264K, reserved 1058816K
  class space    used 1164K, capacity 1251K, committed 1280K, reserved 1048576K
}

Deoptimization events (10 events):
Event: 1.739 Thread 0x00007f974400a800 Uncommon trap: reason=speculate_class_check action=maybe_recompile pc=0x00007f97349d0c68 method=technology.tabula.Rectangle.compareTo(Ltechnology/tabula/Rectangle;)I @ 15
Event: 1.740 Thread 0x00007f974400a800 Uncommon trap: reason=speculate_class_check action=maybe_recompile pc=0x00007f97349d0c68 method=technology.tabula.Rectangle.compareTo(Ltechnology/tabula/Rectangle;)I @ 15
Event: 1.743 Thread 0x00007f974400a800 Uncommon trap: reason=unstable_if action=reinterpret pc=0x00007f97349b3028 method=java.lang.Math.min(FF)F @ 11
Event: 1.754 Thread 0x00007f974400a800 Uncommon trap: reason=unstable_if action=reinterpret pc=0x00007f9734914798 method=java.math.BigDecimal.<init>([CIILjava/math/MathContext;)V @ 46
Event: 1.915 Thread 0x00007f974400a800 Uncommon trap: reason=unstable_if action=reinterpret pc=0x00007f973495b38c method=sun.misc.FloatingDecimal$BinaryToASCIIBuffer.estimateDecExp(JI)I @ 66
Event: 1.915 Thread 0x00007f974400a800 Uncommon trap: reason=unstable_if action=reinterpret pc=0x00007f9734a0b2a0 method=java.math.BigDecimal.<init>([CIILjava/math/MathContext;)V @ 189
Event: 2.403 Thread 0x00007f974400a800 Uncommon trap: reason=unstable_if action=reinterpret pc=0x00007f97349a4188 method=java.math.BigDecimal.setScale(II)Ljava/math/BigDecimal; @ 27
Event: 2.416 Thread 0x00007f974400a800 Uncommon trap: reason=null_check action=make_not_entrant pc=0x00007f97349f4a64 method=java.lang.Character.equals(Ljava/lang/Object;)Z @ 1
Event: 2.416 Thread 0x00007f974400a800 Uncommon trap: reason=unstable_if action=reinterpret pc=0x00007f9734a8ade8 method=technology.tabula.Table$CellPosition.compareTo(Ltechnology/tabula/Table$CellPosition;)I @ 10
Event: 2.416 Thread 0x00007f974400a800 Uncommon trap: reason=unstable_if action=reinterpret pc=0x00007f9734a9021c method=technology.tabula.Table$CellPosition.compareTo(Ltechnology/tabula/Table$CellPosition;)I @ 10

Classes redefined (0 events):
No events

Internal exceptions (10 events):
Event: 0.134 Thread 0x00007f974400a800 Exception <a 'java/security/PrivilegedActionException'> (0x000000078c7b7578) thrown at [/HUDSON/workspace/8-2-build-linux-amd64/jdk8u171/10807/hotspot/src/share/vm/prims/jvm.cpp, line 1435]
Event: 0.134 Thread 0x00007f974400a800 Exception <a 'java/security/PrivilegedActionException'> (0x000000078c7b7970) thrown at [/HUDSON/workspace/8-2-build-linux-amd64/jdk8u171/10807/hotspot/src/share/vm/prims/jvm.cpp, line 1435]
Event: 0.135 Thread 0x00007f974400a800 Exception <a 'java/security/PrivilegedActionException'> (0x000000078c7b9fc0) thrown at [/HUDSON/workspace/8-2-build-linux-amd64/jdk8u171/10807/hotspot/src/share/vm/prims/jvm.cpp, line 1435]
Event: 0.135 Thread 0x00007f974400a800 Exception <a 'java/security/PrivilegedActionException'> (0x000000078c7ba3b8) thrown at [/HUDSON/workspace/8-2-build-linux-amd64/jdk8u171/10807/hotspot/src/share/vm/prims/jvm.cpp, line 1435]
Event: 0.194 Thread 0x00007f974400a800 Exception <a 'java/lang/NoClassDefFoundError': org/apache/log4j/Category> (0x000000078c98dad8) thrown at [/HUDSON/workspace/8-2-build-linux-amd64/jdk8u171/10807/hotspot/src/share/vm/classfile/systemDictionary.cpp, line 199]
Event: 0.645 Thread 0x00007f974400a800 Exception <a 'java/lang/NoSuchFieldError': method resolution failed> (0x000000078d2ad898) thrown at [/HUDSON/workspace/8-2-build-linux-amd64/jdk8u171/10807/hotspot/src/share/vm/prims/methodHandles.cpp, line 1167]
Event: 0.647 Thread 0x00007f974400a800 Exception <a 'java/lang/NoSuchFieldError': method resolution failed> (0x000000078d2baf58) thrown at [/HUDSON/workspace/8-2-build-linux-amd64/jdk8u171/10807/hotspot/src/share/vm/prims/methodHandles.cpp, line 1167]
Event: 0.688 Thread 0x00007f974400a800 Exception <a 'java/io/FileNotFoundException'> (0x000000078d33a8c0) thrown at [/HUDSON/workspace/8-2-build-linux-amd64/jdk8u171/10807/hotspot/src/share/vm/prims/jni.cpp, line 709]
Event: 0.688 Thread 0x00007f974400a800 Exception <a 'java/io/FileNotFoundException'> (0x000000078d33b270) thrown at [/HUDSON/workspace/8-2-build-linux-amd64/jdk8u171/10807/hotspot/src/share/vm/prims/jni.cpp, line 709]
Event: 2.416 Thread 0x00007f974400a800 Implicit null exception at 0x00007f97349f4a0c to 0x00007f97349f4a55

Events (10 events):
Event: 2.416 Thread 0x00007f974400a800 Uncommon trap: trap_request=0xffffff65 fr.pc=0x00007f9734a8ade8
Event: 2.416 Thread 0x00007f974400a800 DEOPT PACKING pc=0x00007f9734a8ade8 sp=0x00007f974a5654d0
Event: 2.416 Thread 0x00007f974400a800 DEOPT UNPACKING pc=0x00007f97345e973a sp=0x00007f974a565428 mode 2
Event: 2.416 Thread 0x00007f974400a800 Uncommon trap: trap_request=0xffffff65 fr.pc=0x00007f9734a9021c
Event: 2.416 Thread 0x00007f974400a800 DEOPT PACKING pc=0x00007f9734a9021c sp=0x00007f974a565450
Event: 2.416 Thread 0x00007f974400a800 DEOPT UNPACKING pc=0x00007f97345e973a sp=0x00007f974a565418 mode 2
Event: 2.417 loading class org/apache/commons/csv/CSVPrinter$1
Event: 2.417 loading class org/apache/commons/csv/CSVPrinter$1 done
Event: 4.093 Executing VM operation: EnableBiasedLocking
Event: 4.093 Executing VM operation: EnableBiasedLocking done


Dynamic libraries:
00400000-00401000 r-xp 00000000 08:03 12724577                           /usr/lib/jvm/java-8-oracle/jre/bin/java
00600000-00601000 rw-p 00000000 08:03 12724577                           /usr/lib/jvm/java-8-oracle/jre/bin/java
01f9e000-0224f000 rw-p 00000000 00:00 0                                  [heap]
725400000-72bc00000 rw-p 00000000 00:00 0 
72bc00000-78c700000 ---p 00000000 00:00 0 
78c700000-792200000 rw-p 00000000 00:00 0 
792200000-7c0000000 ---p 00000000 00:00 0 
7c0000000-7c0140000 rw-p 00000000 00:00 0 
7c0140000-800000000 ---p 00000000 00:00 0 
7f96ec000000-7f96ec021000 rw-p 00000000 00:00 0 
7f96ec021000-7f96f0000000 ---p 00000000 00:00 0 
7f96f0000000-7f96f0021000 rw-p 00000000 00:00 0 
7f96f0021000-7f96f4000000 ---p 00000000 00:00 0 
7f96f686c000-7f96f68a7000 r-xp 00000000 08:03 13373849                   /usr/lib/jvm/java-8-oracle/jre/lib/amd64/libjpeg.so
7f96f68a7000-7f96f6aa6000 ---p 0003b000 08:03 13373849                   /usr/lib/jvm/java-8-oracle/jre/lib/amd64/libjpeg.so
7f96f6aa6000-7f96f6aa7000 rw-p 0003a000 08:03 13373849                   /usr/lib/jvm/java-8-oracle/jre/lib/amd64/libjpeg.so
7f96f6aa7000-7f96f6aaa000 ---p 00000000 00:00 0 
7f96f6aaa000-7f96f6d68000 rw-p 00000000 00:00 0 
7f96f6d68000-7f96f6da8000 ---p 00000000 00:00 0 
7f96f6da8000-7f96f6dad000 r-xp 00000000 08:03 12590846                   /usr/lib/x86_64-linux-gnu/libXdmcp.so.6.0.0
7f96f6dad000-7f96f6fac000 ---p 00005000 08:03 12590846                   /usr/lib/x86_64-linux-gnu/libXdmcp.so.6.0.0
7f96f6fac000-7f96f6fad000 r--p 00004000 08:03 12590846                   /usr/lib/x86_64-linux-gnu/libXdmcp.so.6.0.0
7f96f6fad000-7f96f6fae000 rw-p 00005000 08:03 12590846                   /usr/lib/x86_64-linux-gnu/libXdmcp.so.6.0.0
7f96f6fae000-7f96f6fb0000 r-xp 00000000 08:03 12590835                   /usr/lib/x86_64-linux-gnu/libXau.so.6.0.0
7f96f6fb0000-7f96f71b0000 ---p 00002000 08:03 12590835                   /usr/lib/x86_64-linux-gnu/libXau.so.6.0.0
7f96f71b0000-7f96f71b1000 r--p 00002000 08:03 12590835                   /usr/lib/x86_64-linux-gnu/libXau.so.6.0.0
7f96f71b1000-7f96f71b2000 rw-p 00003000 08:03 12590835                   /usr/lib/x86_64-linux-gnu/libXau.so.6.0.0
7f96f71b2000-7f96f71d3000 r-xp 00000000 08:03 12592244                   /usr/lib/x86_64-linux-gnu/libxcb.so.1.1.0
7f96f71d3000-7f96f73d2000 ---p 00021000 08:03 12592244                   /usr/lib/x86_64-linux-gnu/libxcb.so.1.1.0
7f96f73d2000-7f96f73d3000 r--p 00020000 08:03 12592244                   /usr/lib/x86_64-linux-gnu/libxcb.so.1.1.0
7f96f73d3000-7f96f73d4000 rw-p 00021000 08:03 12592244                   /usr/lib/x86_64-linux-gnu/libxcb.so.1.1.0
7f96f73d4000-7f96f73e3000 r-xp 00000000 08:03 12590856                   /usr/lib/x86_64-linux-gnu/libXi.so.6.1.0
7f96f73e3000-7f96f75e2000 ---p 0000f000 08:03 12590856                   /usr/lib/x86_64-linux-gnu/libXi.so.6.1.0
7f96f75e2000-7f96f75e3000 r--p 0000e000 08:03 12590856                   /usr/lib/x86_64-linux-gnu/libXi.so.6.1.0
7f96f75e3000-7f96f75e4000 rw-p 0000f000 08:03 12590856                   /usr/lib/x86_64-linux-gnu/libXi.so.6.1.0
7f96f75e4000-7f96f75e9000 r-xp 00000000 08:03 12590874                   /usr/lib/x86_64-linux-gnu/libXtst.so.6.1.0
7f96f75e9000-7f96f77e8000 ---p 00005000 08:03 12590874                   /usr/lib/x86_64-linux-gnu/libXtst.so.6.1.0
7f96f77e8000-7f96f77e9000 r--p 00004000 08:03 12590874                   /usr/lib/x86_64-linux-gnu/libXtst.so.6.1.0
7f96f77e9000-7f96f77ea000 rw-p 00005000 08:03 12590874                   /usr/lib/x86_64-linux-gnu/libXtst.so.6.1.0
7f96f77ea000-7f96f77f3000 r-xp 00000000 08:03 12590868                   /usr/lib/x86_64-linux-gnu/libXrender.so.1.3.0
7f96f77f3000-7f96f79f2000 ---p 00009000 08:03 12590868                   /usr/lib/x86_64-linux-gnu/libXrender.so.1.3.0
7f96f79f2000-7f96f79f3000 r--p 00008000 08:03 12590868                   /usr/lib/x86_64-linux-gnu/libXrender.so.1.3.0
7f96f79f3000-7f96f79f4000 rw-p 00009000 08:03 12590868                   /usr/lib/x86_64-linux-gnu/libXrender.so.1.3.0
7f96f79f4000-7f96f7b29000 r-xp 00000000 08:03 12590831                   /usr/lib/x86_64-linux-gnu/libX11.so.6.3.0
7f96f7b29000-7f96f7d29000 ---p 00135000 08:03 12590831                   /usr/lib/x86_64-linux-gnu/libX11.so.6.3.0
7f96f7d29000-7f96f7d2a000 r--p 00135000 08:03 12590831                   /usr/lib/x86_64-linux-gnu/libX11.so.6.3.0
7f96f7d2a000-7f96f7d2e000 rw-p 00136000 08:03 12590831                   /usr/lib/x86_64-linux-gnu/libX11.so.6.3.0
7f96f7d2e000-7f96f7dd0000 r-xp 00000000 08:03 13373897                   /usr/lib/jvm/java-8-oracle/jre/lib/amd64/libawt.so
7f96f7dd0000-7f96f7fd0000 ---p 000a2000 08:03 13373897                   /usr/lib/jvm/java-8-oracle/jre/lib/amd64/libawt.so
7f96f7fd0000-7f96f7fdc000 rw-p 000a2000 08:03 13373897                   /usr/lib/jvm/java-8-oracle/jre/lib/amd64/libawt.so
7f96f7fdc000-7f96f8000000 rw-p 00000000 00:00 0 
7f96f8000000-7f96f846f000 rw-p 00000000 00:00 0 
7f96f846f000-7f96fc000000 ---p 00000000 00:00 0 
7f96fc000000-7f96fc021000 rw-p 00000000 00:00 0 
7f96fc021000-7f9700000000 ---p 00000000 00:00 0 
7f9700000000-7f9700e38000 rw-p 00000000 00:00 0 
7f9700e38000-7f9704000000 ---p 00000000 00:00 0 
7f9704000000-7f9705005000 rw-p 00000000 00:00 0 
7f9705005000-7f9708000000 ---p 00000000 00:00 0 
7f9708000000-7f9708021000 rw-p 00000000 00:00 0 
7f9708021000-7f970c000000 ---p 00000000 00:00 0 
7f970c000000-7f970c021000 rw-p 00000000 00:00 0 
7f970c021000-7f9710000000 ---p 00000000 00:00 0 
7f9710000000-7f9710021000 rw-p 00000000 00:00 0 
7f9710021000-7f9714000000 ---p 00000000 00:00 0 
7f971408d000-7f971409e000 r-xp 00000000 08:03 12590848                   /usr/lib/x86_64-linux-gnu/libXext.so.6.4.0
7f971409e000-7f971429d000 ---p 00011000 08:03 12590848                   /usr/lib/x86_64-linux-gnu/libXext.so.6.4.0
7f971429d000-7f971429e000 r--p 00010000 08:03 12590848                   /usr/lib/x86_64-linux-gnu/libXext.so.6.4.0
7f971429e000-7f971429f000 rw-p 00011000 08:03 12590848                   /usr/lib/x86_64-linux-gnu/libXext.so.6.4.0
7f971429f000-7f971c000000 rw-p 00000000 00:00 0 
7f971c000000-7f971c021000 rw-p 00000000 00:00 0 
7f971c021000-7f9720000000 ---p 00000000 00:00 0 
7f9720000000-7f9720021000 rw-p 00000000 00:00 0 
7f9720021000-7f9724000000 ---p 00000000 00:00 0 
7f9724000000-7f9724021000 rw-p 00000000 00:00 0 
7f9724021000-7f9728000000 ---p 00000000 00:00 0 
7f9728000000-7f9728021000 rw-p 00000000 00:00 0 
7f9728021000-7f972c000000 ---p 00000000 00:00 0 
7f972c000000-7f972c021000 rw-p 00000000 00:00 0 
7f972c021000-7f9730000000 ---p 00000000 00:00 0 
7f9730037000-7f973008b000 r-xp 00000000 08:03 13373911                   /usr/lib/jvm/java-8-oracle/jre/lib/amd64/libawt_xawt.so
7f973008b000-7f973028b000 ---p 00054000 08:03 13373911                   /usr/lib/jvm/java-8-oracle/jre/lib/amd64/libawt_xawt.so
7f973028b000-7f973028f000 rw-p 00054000 08:03 13373911                   /usr/lib/jvm/java-8-oracle/jre/lib/amd64/libawt_xawt.so
7f973028f000-7f9730290000 rw-p 00000000 00:00 0 
7f9730290000-7f97302a6000 r-xp 00000000 08:03 528829                     /lib/x86_64-linux-gnu/libgcc_s.so.1
7f97302a6000-7f97304a5000 ---p 00016000 08:03 528829                     /lib/x86_64-linux-gnu/libgcc_s.so.1
7f97304a5000-7f97304a6000 rw-p 00015000 08:03 528829                     /lib/x86_64-linux-gnu/libgcc_s.so.1
7f97304bd000-7f97304ef000 r-xp 00000000 08:03 13373855                   /usr/lib/jvm/java-8-oracle/jre/lib/amd64/libsunec.so
7f97304ef000-7f97306ee000 ---p 00032000 08:03 13373855                   /usr/lib/jvm/java-8-oracle/jre/lib/amd64/libsunec.so
7f97306ee000-7f97306f4000 rw-p 00031000 08:03 13373855                   /usr/lib/jvm/java-8-oracle/jre/lib/amd64/libsunec.so
7f97306f4000-7f9730704000 rw-p 00000000 00:00 0 
7f9730704000-7f973071a000 r-xp 00000000 08:03 13373904                   /usr/lib/jvm/java-8-oracle/jre/lib/amd64/libnet.so
7f973071a000-7f973091a000 ---p 00016000 08:03 13373904                   /usr/lib/jvm/java-8-oracle/jre/lib/amd64/libnet.so
7f973091a000-7f973091b000 rw-p 00016000 08:03 13373904                   /usr/lib/jvm/java-8-oracle/jre/lib/amd64/libnet.so
7f973091b000-7f973092c000 r-xp 00000000 08:03 13373907                   /usr/lib/jvm/java-8-oracle/jre/lib/amd64/libnio.so
7f973092c000-7f9730b2b000 ---p 00011000 08:03 13373907                   /usr/lib/jvm/java-8-oracle/jre/lib/amd64/libnio.so
7f9730b2b000-7f9730b2c000 rw-p 00010000 08:03 13373907                   /usr/lib/jvm/java-8-oracle/jre/lib/amd64/libnio.so
7f9730b2c000-7f9730b48000 r--s 00393000 08:03 12982596                   /usr/lib/jvm/java-8-oracle/jre/lib/ext/cldrdata.jar
7f9730b48000-7f9730bb9000 r--s 00837000 08:03 3671069                    /home/ankit/Desktop/z2pMail/node_modules/tabula-js/lib/tabula-java.jar
7f9730bb9000-7f9730bba000 ---p 00000000 00:00 0 
7f9730bba000-7f9730cba000 rw-p 00000000 00:00 0 
7f9730cba000-7f9730cbd000 ---p 00000000 00:00 0 
7f9730cbd000-7f9730dbb000 rw-p 00000000 00:00 0 
7f9730dbb000-7f9730dbe000 ---p 00000000 00:00 0 
7f9730dbe000-7f9730ebc000 rw-p 00000000 00:00 0 
7f9730ebc000-7f9730ebf000 ---p 00000000 00:00 0 
7f9730ebf000-7f9730fbd000 rw-p 00000000 00:00 0 
7f9730fbd000-7f9730fc0000 ---p 00000000 00:00 0 
7f9730fc0000-7f97310be000 rw-p 00000000 00:00 0 
7f97310be000-7f97310c1000 ---p 00000000 00:00 0 
7f97310c1000-7f97311bf000 rw-p 00000000 00:00 0 
7f97311bf000-7f9731497000 r--p 00000000 08:03 12589931                   /usr/lib/locale/locale-archive
7f9731497000-7f973149a000 ---p 00000000 00:00 0 
7f973149a000-7f9731598000 rw-p 00000000 00:00 0 
7f9731598000-7f973159b000 ---p 00000000 00:00 0 
7f973159b000-7f9731699000 rw-p 00000000 00:00 0 
7f9731699000-7f973169a000 ---p 00000000 00:00 0 
7f973169a000-7f97326a9000 rw-p 00000000 00:00 0 
7f97326a9000-7f9732883000 r--s 03d68000 08:03 12724627                   /usr/lib/jvm/java-8-oracle/jre/lib/rt.jar
7f9732883000-7f97335cf000 rw-p 00000000 00:00 0 
7f97335cf000-7f97335d0000 ---p 00000000 00:00 0 
7f97335d0000-7f97336d0000 rw-p 00000000 00:00 0 
7f97336d0000-7f97336d1000 ---p 00000000 00:00 0 
7f97336d1000-7f97337d1000 rw-p 00000000 00:00 0 
7f97337d1000-7f97337d2000 ---p 00000000 00:00 0 
7f97337d2000-7f97338d2000 rw-p 00000000 00:00 0 
7f97338d2000-7f97338d3000 ---p 00000000 00:00 0 
7f97338d3000-7f9733a07000 rw-p 00000000 00:00 0 
7f9733a07000-7f9733d0d000 ---p 00000000 00:00 0 
7f9733d0d000-7f9733d41000 rw-p 00000000 00:00 0 
7f9733d41000-7f9734046000 ---p 00000000 00:00 0 
7f9734046000-7f9734074000 rw-p 00000000 00:00 0 
7f9734074000-7f97341e3000 ---p 00000000 00:00 0 
7f97341e3000-7f97341fb000 rw-p 00000000 00:00 0 
7f97341fb000-7f97345a4000 ---p 00000000 00:00 0 
7f97345a4000-7f9734b44000 rwxp 00000000 00:00 0 
7f9734b44000-7f97435a4000 ---p 00000000 00:00 0 
7f97435a4000-7f97435bf000 r-xp 00000000 08:03 13373900                   /usr/lib/jvm/java-8-oracle/jre/lib/amd64/libzip.so
7f97435bf000-7f97437bf000 ---p 0001b000 08:03 13373900                   /usr/lib/jvm/java-8-oracle/jre/lib/amd64/libzip.so
7f97437bf000-7f97437c0000 rw-p 0001b000 08:03 13373900                   /usr/lib/jvm/java-8-oracle/jre/lib/amd64/libzip.so
7f97437c0000-7f97437cb000 r-xp 00000000 08:03 524384                     /lib/x86_64-linux-gnu/libnss_files-2.23.so
7f97437cb000-7f97439ca000 ---p 0000b000 08:03 524384                     /lib/x86_64-linux-gnu/libnss_files-2.23.so
7f97439ca000-7f97439cb000 r--p 0000a000 08:03 524384                     /lib/x86_64-linux-gnu/libnss_files-2.23.so
7f97439cb000-7f97439cc000 rw-p 0000b000 08:03 524384                     /lib/x86_64-linux-gnu/libnss_files-2.23.so
7f97439cc000-7f97439d2000 rw-p 00000000 00:00 0 
7f97439d2000-7f97439dd000 r-xp 00000000 08:03 528691                     /lib/x86_64-linux-gnu/libnss_nis-2.23.so
7f97439dd000-7f9743bdc000 ---p 0000b000 08:03 528691                     /lib/x86_64-linux-gnu/libnss_nis-2.23.so
7f9743bdc000-7f9743bdd000 r--p 0000a000 08:03 528691                     /lib/x86_64-linux-gnu/libnss_nis-2.23.so
7f9743bdd000-7f9743bde000 rw-p 0000b000 08:03 528691                     /lib/x86_64-linux-gnu/libnss_nis-2.23.so
7f9743bde000-7f9743bf4000 r-xp 00000000 08:03 524302                     /lib/x86_64-linux-gnu/libnsl-2.23.so
7f9743bf4000-7f9743df3000 ---p 00016000 08:03 524302                     /lib/x86_64-linux-gnu/libnsl-2.23.so
7f9743df3000-7f9743df4000 r--p 00015000 08:03 524302                     /lib/x86_64-linux-gnu/libnsl-2.23.so
7f9743df4000-7f9743df5000 rw-p 00016000 08:03 524302                     /lib/x86_64-linux-gnu/libnsl-2.23.so
7f9743df5000-7f9743df7000 rw-p 00000000 00:00 0 
7f9743df7000-7f9743dff000 r-xp 00000000 08:03 524379                     /lib/x86_64-linux-gnu/libnss_compat-2.23.so
7f9743dff000-7f9743ffe000 ---p 00008000 08:03 524379                     /lib/x86_64-linux-gnu/libnss_compat-2.23.so
7f9743ffe000-7f9743fff000 r--p 00007000 08:03 524379                     /lib/x86_64-linux-gnu/libnss_compat-2.23.so
7f9743fff000-7f9744000000 rw-p 00008000 08:03 524379                     /lib/x86_64-linux-gnu/libnss_compat-2.23.so
7f9744000000-7f974450a000 rw-p 00000000 00:00 0 
7f974450a000-7f9748000000 ---p 00000000 00:00 0 
7f9748006000-7f974800b000 r--s 002f9000 08:03 12724625                   /usr/lib/jvm/java-8-oracle/jre/lib/charsets.jar
7f974800b000-7f9748010000 r--s 0003f000 08:03 12982604                   /usr/lib/jvm/java-8-oracle/jre/lib/ext/sunjce_provider.jar
7f9748010000-7f9748014000 r--s 0003a000 08:03 12982601                   /usr/lib/jvm/java-8-oracle/jre/lib/ext/sunpkcs11.jar
7f9748014000-7f974803f000 r-xp 00000000 08:03 13373894                   /usr/lib/jvm/java-8-oracle/jre/lib/amd64/libjava.so
7f974803f000-7f974823e000 ---p 0002b000 08:03 13373894                   /usr/lib/jvm/java-8-oracle/jre/lib/amd64/libjava.so
7f974823e000-7f9748240000 rw-p 0002a000 08:03 13373894                   /usr/lib/jvm/java-8-oracle/jre/lib/amd64/libjava.so
7f9748240000-7f974824d000 r-xp 00000000 08:03 13373899                   /usr/lib/jvm/java-8-oracle/jre/lib/amd64/libverify.so
7f974824d000-7f974844d000 ---p 0000d000 08:03 13373899                   /usr/lib/jvm/java-8-oracle/jre/lib/amd64/libverify.so
7f974844d000-7f974844f000 rw-p 0000d000 08:03 13373899                   /usr/lib/jvm/java-8-oracle/jre/lib/amd64/libverify.so
7f974844f000-7f9748456000 r-xp 00000000 08:03 528808                     /lib/x86_64-linux-gnu/librt-2.23.so
7f9748456000-7f9748655000 ---p 00007000 08:03 528808                     /lib/x86_64-linux-gnu/librt-2.23.so
7f9748655000-7f9748656000 r--p 00006000 08:03 528808                     /lib/x86_64-linux-gnu/librt-2.23.so
7f9748656000-7f9748657000 rw-p 00007000 08:03 528808                     /lib/x86_64-linux-gnu/librt-2.23.so
7f9748657000-7f974875f000 r-xp 00000000 08:03 524293                     /lib/x86_64-linux-gnu/libm-2.23.so
7f974875f000-7f974895e000 ---p 00108000 08:03 524293                     /lib/x86_64-linux-gnu/libm-2.23.so
7f974895e000-7f974895f000 r--p 00107000 08:03 524293                     /lib/x86_64-linux-gnu/libm-2.23.so
7f974895f000-7f9748960000 rw-p 00108000 08:03 524293                     /lib/x86_64-linux-gnu/libm-2.23.so
7f9748960000-7f9749639000 r-xp 00000000 08:03 13373876                   /usr/lib/jvm/java-8-oracle/jre/lib/amd64/server/libjvm.so
7f9749639000-7f9749838000 ---p 00cd9000 08:03 13373876                   /usr/lib/jvm/java-8-oracle/jre/lib/amd64/server/libjvm.so
7f9749838000-7f9749912000 rw-p 00cd8000 08:03 13373876                   /usr/lib/jvm/java-8-oracle/jre/lib/amd64/server/libjvm.so
7f9749912000-7f974995d000 rw-p 00000000 00:00 0 
7f974995d000-7f9749b1d000 r-xp 00000000 08:03 524371                     /lib/x86_64-linux-gnu/libc-2.23.so
7f9749b1d000-7f9749d1d000 ---p 001c0000 08:03 524371                     /lib/x86_64-linux-gnu/libc-2.23.so
7f9749d1d000-7f9749d21000 r--p 001c0000 08:03 524371                     /lib/x86_64-linux-gnu/libc-2.23.so
7f9749d21000-7f9749d23000 rw-p 001c4000 08:03 524371                     /lib/x86_64-linux-gnu/libc-2.23.so
7f9749d23000-7f9749d27000 rw-p 00000000 00:00 0 
7f9749d27000-7f9749d2a000 r-xp 00000000 08:03 524373                     /lib/x86_64-linux-gnu/libdl-2.23.so
7f9749d2a000-7f9749f29000 ---p 00003000 08:03 524373                     /lib/x86_64-linux-gnu/libdl-2.23.so
7f9749f29000-7f9749f2a000 r--p 00002000 08:03 524373                     /lib/x86_64-linux-gnu/libdl-2.23.so
7f9749f2a000-7f9749f2b000 rw-p 00003000 08:03 524373                     /lib/x86_64-linux-gnu/libdl-2.23.so
7f9749f2b000-7f9749f41000 r-xp 00000000 08:03 13373871                   /usr/lib/jvm/java-8-oracle/jre/lib/amd64/jli/libjli.so
7f9749f41000-7f974a140000 ---p 00016000 08:03 13373871                   /usr/lib/jvm/java-8-oracle/jre/lib/amd64/jli/libjli.so
7f974a140000-7f974a141000 rw-p 00015000 08:03 13373871                   /usr/lib/jvm/java-8-oracle/jre/lib/amd64/jli/libjli.so
7f974a141000-7f974a159000 r-xp 00000000 08:03 524313                     /lib/x86_64-linux-gnu/libpthread-2.23.so
7f974a159000-7f974a358000 ---p 00018000 08:03 524313                     /lib/x86_64-linux-gnu/libpthread-2.23.so
7f974a358000-7f974a359000 r--p 00017000 08:03 524313                     /lib/x86_64-linux-gnu/libpthread-2.23.so
7f974a359000-7f974a35a000 rw-p 00018000 08:03 524313                     /lib/x86_64-linux-gnu/libpthread-2.23.so
7f974a35a000-7f974a35e000 rw-p 00000000 00:00 0 
7f974a35e000-7f974a384000 r-xp 00000000 08:03 524305                     /lib/x86_64-linux-gnu/ld-2.23.so
7f974a384000-7f974a386000 r--s 00009000 08:03 12982594                   /usr/lib/jvm/java-8-oracle/jre/lib/ext/sunec.jar
7f974a386000-7f974a38b000 r--s 0009d000 08:03 12724632                   /usr/lib/jvm/java-8-oracle/jre/lib/jsse.jar
7f974a38b000-7f974a466000 rw-p 00000000 00:00 0 
7f974a466000-7f974a469000 ---p 00000000 00:00 0 
7f974a469000-7f974a56c000 rw-p 00000000 00:00 0 
7f974a56c000-7f974a56f000 r--s 0001a000 08:03 12724638                   /usr/lib/jvm/java-8-oracle/jre/lib/jce.jar
7f974a56f000-7f974a579000 r--s 00116000 08:03 12982603                   /usr/lib/jvm/java-8-oracle/jre/lib/ext/localedata.jar
7f974a579000-7f974a581000 rw-s 00000000 08:03 2624060                    /tmp/hsperfdata_ankit/16280
7f974a581000-7f974a582000 rw-p 00000000 00:00 0 
7f974a582000-7f974a583000 r--p 00000000 00:00 0 
7f974a583000-7f974a584000 r--p 00025000 08:03 524305                     /lib/x86_64-linux-gnu/ld-2.23.so
7f974a584000-7f974a585000 rw-p 00026000 08:03 524305                     /lib/x86_64-linux-gnu/ld-2.23.so
7f974a585000-7f974a586000 rw-p 00000000 00:00 0 
7ffced96d000-7ffced98e000 rw-p 00000000 00:00 0                          [stack]
7ffced9c9000-7ffced9cc000 r--p 00000000 00:00 0                          [vvar]
7ffced9cc000-7ffced9ce000 r-xp 00000000 00:00 0                          [vdso]
ffffffffff600000-ffffffffff601000 r-xp 00000000 00:00 0                  [vsyscall]

VM Arguments:
java_command: /home/ankit/Desktop/z2pMail/node_modules/tabula-js/lib/tabula-java.jar --pages all public/Test-3.PDF
java_class_path (initial): /home/ankit/Desktop/z2pMail/node_modules/tabula-js/lib/tabula-java.jar
Launcher Type: SUN_STANDARD

Environment Variables:
PATH=/home/ankit/Desktop/z2pMail/node_modules/.bin:/home/ankit/.nvm/versions/node/v8.9.4/bin:/home/ankit/bin:/home/ankit/.local/bin:/usr/local/sbin:/usr/local/bin:/usr/sbin:/usr/bin:/sbin:/bin:/usr/games:/usr/local/games:/snap/bin
SHELL=/bin/bash
DISPLAY=:0

Signal Handlers:
SIGSEGV: [libjvm.so+0xad0890], sa_mask[0]=11111111011111111101111111111110, sa_flags=SA_RESTART|SA_SIGINFO
SIGBUS: [libjvm.so+0xad0890], sa_mask[0]=11111111011111111101111111111110, sa_flags=SA_RESTART|SA_SIGINFO
SIGFPE: [libjvm.so+0x928640], sa_mask[0]=11111111011111111101111111111110, sa_flags=SA_RESTART|SA_SIGINFO
SIGPIPE: [libjvm.so+0x928640], sa_mask[0]=11111111011111111101111111111110, sa_flags=SA_RESTART|SA_SIGINFO
SIGXFSZ: [libjvm.so+0x928640], sa_mask[0]=11111111011111111101111111111110, sa_flags=SA_RESTART|SA_SIGINFO
SIGILL: [libjvm.so+0x928640], sa_mask[0]=11111111011111111101111111111110, sa_flags=SA_RESTART|SA_SIGINFO
SIGUSR1: SIG_DFL, sa_mask[0]=00000000000000000000000000000000, sa_flags=none
SIGUSR2: [libjvm.so+0x929ea0], sa_mask[0]=00000000000000000000000000000000, sa_flags=SA_RESTART|SA_SIGINFO
SIGHUP: [libjvm.so+0x92b2a0], sa_mask[0]=11111111011111111101111111111110, sa_flags=SA_RESTART|SA_SIGINFO
SIGINT: [libjvm.so+0x92b2a0], sa_mask[0]=11111111011111111101111111111110, sa_flags=SA_RESTART|SA_SIGINFO
SIGTERM: [libjvm.so+0x92b2a0], sa_mask[0]=11111111011111111101111111111110, sa_flags=SA_RESTART|SA_SIGINFO
SIGQUIT: [libjvm.so+0x92b2a0], sa_mask[0]=11111111011111111101111111111110, sa_flags=SA_RESTART|SA_SIGINFO


---------------  S Y S T E M  ---------------

OS:DISTRIB_ID=Ubuntu
DISTRIB_RELEASE=16.04
DISTRIB_CODENAME=xenial
DISTRIB_DESCRIPTION="Ubuntu 16.04.4 LTS"

uname:Linux 4.13.0-45-generic #50~16.04.1-Ubuntu SMP Wed May 30 11:18:27 UTC 2018 x86_64
libc:glibc 2.23 NPTL 2.23 
rlimit: STACK 8192k, CORE 0k, NPROC 38911, NOFILE 1048576, AS infinity
load average:1.20 1.14 0.94

/proc/meminfo:
MemTotal:       10137500 kB
MemFree:         1266532 kB
MemAvailable:    5125476 kB
Buffers:          697472 kB
Cached:          3604840 kB
SwapCached:            0 kB
Active:          5817408 kB
Inactive:        2143252 kB
Active(anon):    3667648 kB
Inactive(anon):   768252 kB
Active(file):    2149760 kB
Inactive(file):  1375000 kB
Unevictable:        1272 kB
Mlocked:            1272 kB
SwapTotal:       9999356 kB
SwapFree:        9999356 kB
Dirty:               260 kB
Writeback:             0 kB
AnonPages:       3659656 kB
Mapped:          1047668 kB
Shmem:            777556 kB
Slab:             714880 kB
SReclaimable:     651164 kB
SUnreclaim:        63716 kB
KernelStack:       18184 kB
PageTables:        82236 kB
NFS_Unstable:          0 kB
Bounce:                0 kB
WritebackTmp:          0 kB
CommitLimit:    15068104 kB
Committed_AS:   15584508 kB
VmallocTotal:   34359738367 kB
VmallocUsed:           0 kB
VmallocChunk:          0 kB
HardwareCorrupted:     0 kB
AnonHugePages:         0 kB
ShmemHugePages:        0 kB
ShmemPmdMapped:        0 kB
CmaTotal:              0 kB
CmaFree:               0 kB
HugePages_Total:       0
HugePages_Free:        0
HugePages_Rsvd:        0
HugePages_Surp:        0
Hugepagesize:       2048 kB
DirectMap4k:      217716 kB
DirectMap2M:    10172416 kB


CPU:total 4 (initial active 4) (2 cores per cpu, 2 threads per core) family 6 model 58 stepping 9, cmov, cx8, fxsr, mmx, sse, sse2, sse3, ssse3, sse4.1, sse4.2, popcnt, avx, aes, clmul, erms, ht, tsc, tscinvbit, tscinv

/proc/cpuinfo:
processor	: 0
vendor_id	: GenuineIntel
cpu family	: 6
model		: 58
model name	: Intel(R) Core(TM) i5-3210M CPU @ 2.50GHz
stepping	: 9
microcode	: 0x1f
cpu MHz		: 2620.277
cache size	: 3072 KB
physical id	: 0
siblings	: 4
core id		: 0
cpu cores	: 2
apicid		: 0
initial apicid	: 0
fpu		: yes
fpu_exception	: yes
cpuid level	: 13
wp		: yes
flags		: fpu vme de pse tsc msr pae mce cx8 apic sep mtrr pge mca cmov pat pse36 clflush dts acpi mmx fxsr sse sse2 ss ht tm pbe syscall nx rdtscp lm constant_tsc arch_perfmon pebs bts rep_good nopl xtopology nonstop_tsc cpuid aperfmperf pni pclmulqdq dtes64 monitor ds_cpl vmx est tm2 ssse3 cx16 xtpr pdcm pcid sse4_1 sse4_2 x2apic popcnt tsc_deadline_timer aes xsave avx f16c rdrand lahf_lm cpuid_fault pti retpoline spec_ctrl tpr_shadow vnmi flexpriority ept vpid fsgsbase smep erms xsaveopt dtherm ida arat pln pts
bugs		: cpu_meltdown spectre_v1 spectre_v2 spec_store_bypass
bogomips	: 4988.68
clflush size	: 64
cache_alignment	: 64
address sizes	: 36 bits physical, 48 bits virtual
power management:

processor	: 1
vendor_id	: GenuineIntel
cpu family	: 6
model		: 58
model name	: Intel(R) Core(TM) i5-3210M CPU @ 2.50GHz
stepping	: 9
microcode	: 0x1f
cpu MHz		: 2522.953
cache size	: 3072 KB
physical id	: 0
siblings	: 4
core id		: 1
cpu cores	: 2
apicid		: 2
initial apicid	: 2
fpu		: yes
fpu_exception	: yes
cpuid level	: 13
wp		: yes
flags		: fpu vme de pse tsc msr pae mce cx8 apic sep mtrr pge mca cmov pat pse36 clflush dts acpi mmx fxsr sse sse2 ss ht tm pbe syscall nx rdtscp lm constant_tsc arch_perfmon pebs bts rep_good nopl xtopology nonstop_tsc cpuid aperfmperf pni pclmulqdq dtes64 monitor ds_cpl vmx est tm2 ssse3 cx16 xtpr pdcm pcid sse4_1 sse4_2 x2apic popcnt tsc_deadline_timer aes xsave avx f16c rdrand lahf_lm cpuid_fault pti retpoline spec_ctrl tpr_shadow vnmi flexpriority ept vpid fsgsbase smep erms xsaveopt dtherm ida arat pln pts
bugs		: cpu_meltdown spectre_v1 spectre_v2 spec_store_bypass
bogomips	: 4988.68
clflush size	: 64
cache_alignment	: 64
address sizes	: 36 bits physical, 48 bits virtual
power management:

processor	: 2
vendor_id	: GenuineIntel
cpu family	: 6
model		: 58
model name	: Intel(R) Core(TM) i5-3210M CPU @ 2.50GHz
stepping	: 9
microcode	: 0x1f
cpu MHz		: 2751.696
cache size	: 3072 KB
physical id	: 0
siblings	: 4
core id		: 0
cpu cores	: 2
apicid		: 1
initial apicid	: 1
fpu		: yes
fpu_exception	: yes
cpuid level	: 13
wp		: yes
flags		: fpu vme de pse tsc msr pae mce cx8 apic sep mtrr pge mca cmov pat pse36 clflush dts acpi mmx fxsr sse sse2 ss ht tm pbe syscall nx rdtscp lm constant_tsc arch_perfmon pebs bts rep_good nopl xtopology nonstop_tsc cpuid aperfmperf pni pclmulqdq dtes64 monitor ds_cpl vmx est tm2 ssse3 cx16 xtpr pdcm pcid sse4_1 sse4_2 x2apic popcnt tsc_deadline_timer aes xsave avx f16c rdrand lahf_lm cpuid_fault pti retpoline spec_ctrl tpr_shadow vnmi flexpriority ept vpid fsgsbase smep erms xsaveopt dtherm ida arat pln pts
bugs		: cpu_meltdown spectre_v1 spectre_v2 spec_store_bypass
bogomips	: 4988.68
clflush size	: 64
cache_alignment	: 64
address sizes	: 36 bits physical, 48 bits virtual
power management:

processor	: 3
vendor_id	: GenuineIntel
cpu family	: 6
model		: 58
model name	: Intel(R) Core(TM) i5-3210M CPU @ 2.50GHz
stepping	: 9
microcode	: 0x1f
cpu MHz		: 2598.358
cache size	: 3072 KB
physical id	: 0
siblings	: 4
core id		: 1
cpu cores	: 2
apicid		: 3
initial apicid	: 3
fpu		: yes
fpu_exception	: yes
cpuid level	: 13
wp		: yes
flags		: fpu vme de pse tsc msr pae mce cx8 apic sep mtrr pge mca cmov pat pse36 clflush dts acpi mmx fxsr sse sse2 ss ht tm pbe syscall nx rdtscp lm constant_tsc arch_perfmon pebs bts rep_good nopl xtopology nonstop_tsc cpuid aperfmperf pni pclmulqdq dtes64 monitor ds_cpl vmx est tm2 ssse3 cx16 xtpr pdcm pcid sse4_1 sse4_2 x2apic popcnt tsc_deadline_timer aes xsave avx f16c rdrand lahf_lm cpuid_fault pti retpoline spec_ctrl tpr_shadow vnmi flexpriority ept vpid fsgsbase smep erms xsaveopt dtherm ida arat pln pts
bugs		: cpu_meltdown spectre_v1 spectre_v2 spec_store_bypass
bogomips	: 4988.68
clflush size	: 64
cache_alignment	: 64
address sizes	: 36 bits physical, 48 bits virtual
power management:



Memory: 4k page, physical 10137500k(1266532k free), swap 9999356k(9999356k free)

vm_info: Java HotSpot(TM) 64-Bit Server VM (25.171-b11) for linux-amd64 JRE (1.8.0_171-b11), built on Mar 28 2018 17:07:08 by "java_re" with gcc 4.3.0 20080428 (Red Hat 4.3.0-8)

time: Fri Jul  6 13:42:14 2018
elapsed time: 7 seconds (0d 0h 0m 7s)

