#
# A fatal error has been detected by the Java Runtime Environment:
#
#  SIGSEGV (0xb) at pc=0x00007fbdf5ef1ede, pid=15341, tid=0x00007fbdf71d0700
#
# JRE version: Java(TM) SE Runtime Environment (8.0_171-b11) (build 1.8.0_171-b11)
# Java VM: Java HotSpot(TM) 64-Bit Server VM (25.171-b11 mixed mode linux-amd64 compressed oops)
# Problematic frame:
# V  [libjvm.so+0x929ede]  SR_handler(int, siginfo*, ucontext*)+0x3e
#
# Failed to write core dump. Core dumps have been disabled. To enable core dumping, try "ulimit -c unlimited" before starting Java again
#
# If you would like to submit a bug report, please visit:
#   http://bugreport.java.com/bugreport/crash.jsp
#

---------------  T H R E A D  ---------------

Current thread is native thread

siginfo: si_signo: 11 (SIGSEGV), si_code: 1 (SEGV_MAPERR), si_addr: 0x0000000000000128

Registers:
RAX=0x0000000000000000, RBX=0x00007fbdf71ce700, RCX=0x00007fbdf6db198d, RDX=0x00007fbdf71d0a20
RSP=0x00007ffd18373ac0, RBP=0x00007ffd18373b70, RSI=0x00007ffd18373cb0, RDI=0x0000000000000001
R8 =0x00000000000000ca, R9 =0x00007fbdf71ce9d0, R10=0x0000000000000000, R11=0x0000000000000246
R12=0x00007ffd18373b80, R13=0x00007ffd18373cb0, R14=0x00007fbdf71d0698, R15=0x0000000000000000
RIP=0x00007fbdf5ef1ede, EFLAGS=0x0000000000010246, CSGSFS=0x002b000000000033, ERR=0x0000000000000004
  TRAPNO=0x000000000000000e

Top of Stack: (sp=0x00007ffd18373ac0)
0x00007ffd18373ac0:   0000000000000007 00007fbd00000001
0x00007ffd18373ad0:   0000000000000000 00007fbdf6989068
0x00007ffd18373ae0:   0000000000000007 00007fbd00000001
0x00007ffd18373af0:   00007fbdf652cdf0 00007fbdf5c7f6d0
0x00007ffd18373b00:   0000000100000739 00007fbdf66406ce
0x00007ffd18373b10:   00007ffd183740c0 00007fbdf66406ce
0x00007ffd18373b20:   00007ffd183740d0 00007ffd183740c0
0x00007ffd18373b30:   00007fbdf6ba3ffc 00007ffd183741f8
0x00007ffd18373b40:   0000000000000000 00007fbdf71ce700
0x00007ffd18373b50:   00007ffd18374150 0000000000000000
0x00007ffd18373b60:   00007fbdf71d0700 00007fbdf71ced28
0x00007ffd18373b70:   00007ffd183741f0 00007fbdf6dba390
0x00007ffd18373b80:   0000000000000007 0000000000000000
0x00007ffd18373b90:   0000000000000000 0000000000000002
0x00007ffd18373ba0:   0000000000000000 00000000000000ca
0x00007ffd18373bb0:   00007fbdf71ce9d0 0000000000000000
0x00007ffd18373bc0:   0000000000000246 00007ffd18374150
0x00007ffd18373bd0:   0000000000000000 00007fbdf71d0700
0x00007ffd18373be0:   00007fbdf71ced28 00007fbdf71ce9d0
0x00007ffd18373bf0:   0000000000000000 00007ffd183741f0
0x00007ffd18373c00:   00007fbdf71ce700 0000000000003bee
0x00007ffd18373c10:   00000000000000ca 00007fbdf6db198d
0x00007ffd18373c20:   00007ffd18374140 00007fbdf6db198b
0x00007ffd18373c30:   0000000000000246 002b000000000033
0x00007ffd18373c40:   0000000000000000 0000000000000000
0x00007ffd18373c50:   0000000000000000 0000000000000000
0x00007ffd18373c60:   00007ffd18373d40 00007fbdf65c8d80
0x00007ffd18373c70:   00007fbdf65d5ff8 00007fbdf6fd064b
0x00007ffd18373c80:   0000000000000609 00007fbdf65d5ff8
0x00007ffd18373c90:   00007fbdf71d2000 00007ffd18373d38
0x00007ffd18373ca0:   00007ffd18373d34 0000000000000000
0x00007ffd18373cb0:   000000000000000c 00007fbd00000000 

Instructions: (pc=0x00007fbdf5ef1ede)
0x00007fbdf5ef1ebe:   48 81 ec b0 00 00 00 e8 66 59 8f ff 44 8b 38 49
0x00007fbdf5ef1ece:   89 c6 48 8b 05 59 6d 65 00 8b 38 e8 02 63 8f ff
0x00007fbdf5ef1ede:   48 8b 98 28 01 00 00 8b 83 a8 00 00 00 83 e8 01
0x00007fbdf5ef1eee:   74 20 45 89 3e 48 8b 5d d8 4c 8b 65 e0 4c 8b 6d 

Register to memory mapping:

RAX=0x0000000000000000 is an unknown value
RBX=0x00007fbdf71ce700 is pointing into the stack for thread: 0x00007fbdf000a800
RCX=0x00007fbdf6db198d: pthread_join+0xbd in /lib/x86_64-linux-gnu/libpthread.so.0 at 0x00007fbdf6da9000
RDX=0x00007fbdf71d0a20 is an unknown value
RSP=0x00007ffd18373ac0 is an unknown value
RBP=0x00007ffd18373b70 is an unknown value
RSI=0x00007ffd18373cb0 is an unknown value
RDI=0x0000000000000001 is an unknown value
R8 =0x00000000000000ca is an unknown value
R9 =0x00007fbdf71ce9d0 is pointing into the stack for thread: 0x00007fbdf000a800
R10=0x0000000000000000 is an unknown value
R11=0x0000000000000246 is an unknown value
R12=0x00007ffd18373b80 is an unknown value
R13=0x00007ffd18373cb0 is an unknown value
R14=0x00007fbdf71d0698 is an unknown value
R15=0x0000000000000000 is an unknown value


Stack: [0x00007ffd1827b000,0x00007ffd1837b000],  sp=0x00007ffd18373ac0,  free space=994k
Native frames: (J=compiled Java code, j=interpreted, Vv=VM code, C=native code)
V  [libjvm.so+0x929ede]  SR_handler(int, siginfo*, ucontext*)+0x3e
C  [libpthread.so.0+0x11390]


---------------  P R O C E S S  ---------------

VM state:not at safepoint (normal execution)

VM Mutex/Monitor currently owned by a thread: None

Heap:
 PSYoungGen      total 36864K, used 19680K [0x00000000d6f00000, 0x00000000db700000, 0x0000000100000000)
  eden space 31744K, 45% used [0x00000000d6f00000,0x00000000d7d3c040,0x00000000d8e00000)
  from space 5120K, 99% used [0x00000000d8e00000,0x00000000d92fc120,0x00000000d9300000)
  to   space 5120K, 0% used [0x00000000db200000,0x00000000db200000,0x00000000db700000)
 ParOldGen       total 84992K, used 11663K [0x0000000084c00000, 0x0000000089f00000, 0x00000000d6f00000)
  object space 84992K, 13% used [0x0000000084c00000,0x0000000085763e78,0x0000000089f00000)
 Metaspace       used 11028K, capacity 11214K, committed 11264K, reserved 1058816K
  class space    used 1174K, capacity 1250K, committed 1280K, reserved 1048576K

Card table byte_map: [0x00007fbde0865000,0x00007fbde0c40000] byte_map_base: 0x00007fbde043f000

Marking Bits: (ParMarkBitMap*) 0x00007fbdf6598280
 Begin Bits: [0x00007fbdd8260000, 0x00007fbdda130000)
 End Bits:   [0x00007fbdda130000, 0x00007fbddc000000)

Polling page: 0x00007fbdf71ea000

CodeCache: size=245760Kb used=5942Kb max_used=5942Kb free=239817Kb
 bounds [0x00007fbde1000000, 0x00007fbde15e0000, 0x00007fbdf0000000]
 total_blobs=2119 nmethods=1698 adapters=334
 compilation: enabled

Compilation events (10 events):
Event: 2.623 Thread 0x00007fbdf0180000 nmethod 1582 0x00007fbde158fed0 code [0x00007fbde1590060, 0x00007fbde1590498]
Event: 2.623 Thread 0x00007fbdf0180000 1583       4       technology.tabula.RectangleSpatialIndex::rectangleToSpatialIndexRectangle (38 bytes)
Event: 2.626 Thread 0x00007fbdf0180000 nmethod 1583 0x00007fbde15a7010 code [0x00007fbde15a71a0, 0x00007fbde15a7518]
Event: 2.626 Thread 0x00007fbdf0180000 1584       4       net.sf.jsi.Rectangle::set (39 bytes)
Event: 2.628 Thread 0x00007fbdf0180000 nmethod 1584 0x00007fbde15a0650 code [0x00007fbde15a07e0, 0x00007fbde15a0a98]
Event: 2.628 Thread 0x00007fbdf0180000 1613       4       net.sf.jsi.rtree.RTree::add (80 bytes)
Event: 2.664 Thread 0x00007fbdf0180000 nmethod 1613 0x00007fbde15aaa50 code [0x00007fbde15aad80, 0x00007fbde15ac8b0]
Event: 2.664 Thread 0x00007fbdf0180000 1586       4       java.awt.geom.Path2D$Float$TxIterator::currentSegment (45 bytes)
Event: 2.666 Thread 0x00007fbdf0180000 nmethod 1586 0x00007fbde158e690 code [0x00007fbde158e800, 0x00007fbde158e948]
Event: 2.906 Thread 0x00007fbdf0183000 nmethod 1441 0x00007fbde15ba5d0 code [0x00007fbde15bb440, 0x00007fbde15c5ab0]

GC Heap History (6 events):
Event: 1.381 GC heap before
{Heap before GC invocations=1 (full 0):
 PSYoungGen      total 36864K, used 31744K [0x00000000d6f00000, 0x00000000d9800000, 0x0000000100000000)
  eden space 31744K, 100% used [0x00000000d6f00000,0x00000000d8e00000,0x00000000d8e00000)
  from space 5120K, 0% used [0x00000000d9300000,0x00000000d9300000,0x00000000d9800000)
  to   space 5120K, 0% used [0x00000000d8e00000,0x00000000d8e00000,0x00000000d9300000)
 ParOldGen       total 84992K, used 0K [0x0000000084c00000, 0x0000000089f00000, 0x00000000d6f00000)
  object space 84992K, 0% used [0x0000000084c00000,0x0000000084c00000,0x0000000089f00000)
 Metaspace       used 9057K, capacity 9322K, committed 9600K, reserved 1058816K
  class space    used 996K, capacity 1088K, committed 1152K, reserved 1048576K
Event: 1.392 GC heap after
Heap after GC invocations=1 (full 0):
 PSYoungGen      total 36864K, used 5104K [0x00000000d6f00000, 0x00000000d9800000, 0x0000000100000000)
  eden space 31744K, 0% used [0x00000000d6f00000,0x00000000d6f00000,0x00000000d8e00000)
  from space 5120K, 99% used [0x00000000d8e00000,0x00000000d92fc0a0,0x00000000d9300000)
  to   space 5120K, 0% used [0x00000000d9300000,0x00000000d9300000,0x00000000d9800000)
 ParOldGen       total 84992K, used 3288K [0x0000000084c00000, 0x0000000089f00000, 0x00000000d6f00000)
  object space 84992K, 3% used [0x0000000084c00000,0x0000000084f360f0,0x0000000089f00000)
 Metaspace       used 9057K, capacity 9322K, committed 9600K, reserved 1058816K
  class space    used 996K, capacity 1088K, committed 1152K, reserved 1048576K
}
Event: 1.953 GC heap before
{Heap before GC invocations=2 (full 0):
 PSYoungGen      total 36864K, used 36848K [0x00000000d6f00000, 0x00000000d9800000, 0x0000000100000000)
  eden space 31744K, 100% used [0x00000000d6f00000,0x00000000d8e00000,0x00000000d8e00000)
  from space 5120K, 99% used [0x00000000d8e00000,0x00000000d92fc0a0,0x00000000d9300000)
  to   space 5120K, 0% used [0x00000000d9300000,0x00000000d9300000,0x00000000d9800000)
 ParOldGen       total 84992K, used 3288K [0x0000000084c00000, 0x0000000089f00000, 0x00000000d6f00000)
  object space 84992K, 3% used [0x0000000084c00000,0x0000000084f360f0,0x0000000089f00000)
 Metaspace       used 10760K, capacity 11022K, committed 11264K, reserved 1058816K
  class space    used 1163K, capacity 1250K, committed 1280K, reserved 1048576K
Event: 1.967 GC heap after
Heap after GC invocations=2 (full 0):
 PSYoungGen      total 36864K, used 5104K [0x00000000d6f00000, 0x00000000db700000, 0x0000000100000000)
  eden space 31744K, 0% used [0x00000000d6f00000,0x00000000d6f00000,0x00000000d8e00000)
  from space 5120K, 99% used [0x00000000d9300000,0x00000000d97fc0b0,0x00000000d9800000)
  to   space 5120K, 0% used [0x00000000d8e00000,0x00000000d8e00000,0x00000000d9300000)
 ParOldGen       total 84992K, used 10118K [0x0000000084c00000, 0x0000000089f00000, 0x00000000d6f00000)
  object space 84992K, 11% used [0x0000000084c00000,0x00000000855e1ab8,0x0000000089f00000)
 Metaspace       used 10760K, capacity 11022K, committed 11264K, reserved 1058816K
  class space    used 1163K, capacity 1250K, committed 1280K, reserved 1048576K
}
Event: 2.388 GC heap before
{Heap before GC invocations=3 (full 0):
 PSYoungGen      total 36864K, used 36848K [0x00000000d6f00000, 0x00000000db700000, 0x0000000100000000)
  eden space 31744K, 100% used [0x00000000d6f00000,0x00000000d8e00000,0x00000000d8e00000)
  from space 5120K, 99% used [0x00000000d9300000,0x00000000d97fc0b0,0x00000000d9800000)
  to   space 5120K, 0% used [0x00000000d8e00000,0x00000000d8e00000,0x00000000d9300000)
 ParOldGen       total 84992K, used 10118K [0x0000000084c00000, 0x0000000089f00000, 0x00000000d6f00000)
  object space 84992K, 11% used [0x0000000084c00000,0x00000000855e1ab8,0x0000000089f00000)
 Metaspace       used 10901K, capacity 11150K, committed 11264K, reserved 1058816K
  class space    used 1169K, capacity 1250K, committed 1280K, reserved 1048576K
Event: 2.400 GC heap after
Heap after GC invocations=3 (full 0):
 PSYoungGen      total 36864K, used 5104K [0x00000000d6f00000, 0x00000000db700000, 0x0000000100000000)
  eden space 31744K, 0% used [0x00000000d6f00000,0x00000000d6f00000,0x00000000d8e00000)
  from space 5120K, 99% used [0x00000000d8e00000,0x00000000d92fc120,0x00000000d9300000)
  to   space 5120K, 0% used [0x00000000db200000,0x00000000db200000,0x00000000db700000)
 ParOldGen       total 84992K, used 11663K [0x0000000084c00000, 0x0000000089f00000, 0x00000000d6f00000)
  object space 84992K, 13% used [0x0000000084c00000,0x0000000085763e78,0x0000000089f00000)
 Metaspace       used 10901K, capacity 11150K, committed 11264K, reserved 1058816K
  class space    used 1169K, capacity 1250K, committed 1280K, reserved 1048576K
}

Deoptimization events (10 events):
Event: 1.946 Thread 0x00007fbdf000a800 Uncommon trap: reason=bimorphic action=maybe_recompile pc=0x00007fbde1459668 method=technology.tabula.Rectangle.compareTo(Ltechnology/tabula/Rectangle;)I @ 15
Event: 1.946 Thread 0x00007fbdf000a800 Uncommon trap: reason=bimorphic action=maybe_recompile pc=0x00007fbde1455c9c method=java.awt.geom.Rectangle2D.equals(Ljava/lang/Object;)Z @ 20
Event: 1.946 Thread 0x00007fbdf000a800 Uncommon trap: reason=bimorphic action=maybe_recompile pc=0x00007fbde145cfa0 method=technology.tabula.Rectangle.compareTo(Ltechnology/tabula/Rectangle;)I @ 15
Event: 1.977 Thread 0x00007fbdf000a800 Uncommon trap: reason=unstable_if action=reinterpret pc=0x00007fbde14605dc method=java.lang.Math.min(DD)D @ 11
Event: 1.977 Thread 0x00007fbdf000a800 Uncommon trap: reason=unstable_if action=reinterpret pc=0x00007fbde13eb3e8 method=java.lang.Math.min(DD)D @ 11
Event: 1.997 Thread 0x00007fbdf000a800 Uncommon trap: reason=unstable_if action=reinterpret pc=0x00007fbde140d468 method=java.lang.Math.min(FF)F @ 11
Event: 1.997 Thread 0x00007fbdf000a800 Uncommon trap: reason=unstable_if action=reinterpret pc=0x00007fbde13a7254 method=sun.misc.FloatingDecimal$BinaryToASCIIBuffer.dtoa(IJIZ)V @ 646
Event: 2.137 Thread 0x00007fbdf000a800 Uncommon trap: reason=unstable_if action=reinterpret pc=0x00007fbde146d48c method=java.lang.Math.min(DD)D @ 11
Event: 2.465 Thread 0x00007fbdf000a800 Uncommon trap: reason=unstable_if action=reinterpret pc=0x00007fbde139944c method=java.math.BigDecimal.floatValue()F @ 35
Event: 2.535 Thread 0x00007fbdf000a800 Uncommon trap: reason=null_check action=make_not_entrant pc=0x00007fbde146b424 method=java.lang.Character.equals(Ljava/lang/Object;)Z @ 1

Classes redefined (0 events):
No events

Internal exceptions (10 events):
Event: 2.467 Thread 0x00007fbdf000a800 Exception <a 'java/lang/ArrayIndexOutOfBoundsException'> (0x00000000d7517eb0) thrown at [/HUDSON/workspace/8-2-build-linux-amd64/jdk8u171/10807/hotspot/src/share/vm/runtime/sharedRuntime.cpp, line 605]
Event: 2.468 Thread 0x00007fbdf000a800 Exception <a 'java/lang/ArrayIndexOutOfBoundsException'> (0x00000000d755cb18) thrown at [/HUDSON/workspace/8-2-build-linux-amd64/jdk8u171/10807/hotspot/src/share/vm/runtime/sharedRuntime.cpp, line 605]
Event: 2.475 Thread 0x00007fbdf000a800 Exception <a 'java/lang/ArrayIndexOutOfBoundsException'> (0x00000000d75ef608) thrown at [/HUDSON/workspace/8-2-build-linux-amd64/jdk8u171/10807/hotspot/src/share/vm/runtime/sharedRuntime.cpp, line 605]
Event: 2.502 Thread 0x00007fbdf000a800 Exception <a 'java/lang/ArrayIndexOutOfBoundsException'> (0x00000000d77f9190) thrown at [/HUDSON/workspace/8-2-build-linux-amd64/jdk8u171/10807/hotspot/src/share/vm/runtime/sharedRuntime.cpp, line 605]
Event: 2.503 Thread 0x00007fbdf000a800 Exception <a 'java/lang/ArrayIndexOutOfBoundsException'> (0x00000000d781e938) thrown at [/HUDSON/workspace/8-2-build-linux-amd64/jdk8u171/10807/hotspot/src/share/vm/runtime/sharedRuntime.cpp, line 605]
Event: 2.505 Thread 0x00007fbdf000a800 Exception <a 'java/lang/ArrayIndexOutOfBoundsException'> (0x00000000d78623a0) thrown at [/HUDSON/workspace/8-2-build-linux-amd64/jdk8u171/10807/hotspot/src/share/vm/runtime/sharedRuntime.cpp, line 605]
Event: 2.507 Thread 0x00007fbdf000a800 Exception <a 'java/lang/ArrayIndexOutOfBoundsException'> (0x00000000d787da30) thrown at [/HUDSON/workspace/8-2-build-linux-amd64/jdk8u171/10807/hotspot/src/share/vm/runtime/sharedRuntime.cpp, line 605]
Event: 2.509 Thread 0x00007fbdf000a800 Exception <a 'java/lang/ArrayIndexOutOfBoundsException'> (0x00000000d78bb440) thrown at [/HUDSON/workspace/8-2-build-linux-amd64/jdk8u171/10807/hotspot/src/share/vm/runtime/sharedRuntime.cpp, line 605]
Event: 2.514 Thread 0x00007fbdf000a800 Exception <a 'java/lang/ArrayIndexOutOfBoundsException'> (0x00000000d794f260) thrown at [/HUDSON/workspace/8-2-build-linux-amd64/jdk8u171/10807/hotspot/src/share/vm/runtime/sharedRuntime.cpp, line 605]
Event: 2.535 Thread 0x00007fbdf000a800 Implicit null exception at 0x00007fbde146b3cc to 0x00007fbde146b415

Events (10 events):
Event: 2.535 Thread 0x00007fbdf000a800 DEOPT PACKING pc=0x00007fbde146b424 sp=0x00007fbdf71ccc20
Event: 2.535 Thread 0x00007fbdf000a800 DEOPT UNPACKING pc=0x00007fbde104573a sp=0x00007fbdf71ccbe8 mode 2
Event: 2.535 loading class org/apache/commons/csv/QuoteMode
Event: 2.535 loading class org/apache/commons/csv/QuoteMode done
Event: 2.536 loading class org/apache/commons/csv/Assertions
Event: 2.536 loading class org/apache/commons/csv/Assertions done
Event: 2.537 loading class org/apache/commons/csv/CSVPrinter$1
Event: 2.537 loading class org/apache/commons/csv/CSVPrinter$1 done
Event: 4.074 Executing VM operation: EnableBiasedLocking
Event: 4.074 Executing VM operation: EnableBiasedLocking done


Dynamic libraries:
00400000-00401000 r-xp 00000000 08:03 12724577                           /usr/lib/jvm/java-8-oracle/jre/bin/java
00600000-00601000 rw-p 00000000 08:03 12724577                           /usr/lib/jvm/java-8-oracle/jre/bin/java
02559000-0280a000 rw-p 00000000 00:00 0                                  [heap]
84c00000-89f00000 rw-p 00000000 00:00 0 
89f00000-d6f00000 ---p 00000000 00:00 0 
d6f00000-db700000 rw-p 00000000 00:00 0 
db700000-100000000 ---p 00000000 00:00 0 
100000000-100140000 rw-p 00000000 00:00 0 
100140000-140000000 ---p 00000000 00:00 0 
7fbd9c000000-7fbd9c021000 rw-p 00000000 00:00 0 
7fbd9c021000-7fbda0000000 ---p 00000000 00:00 0 
7fbda06b9000-7fbda06f4000 r-xp 00000000 08:03 13373849                   /usr/lib/jvm/java-8-oracle/jre/lib/amd64/libjpeg.so
7fbda06f4000-7fbda08f3000 ---p 0003b000 08:03 13373849                   /usr/lib/jvm/java-8-oracle/jre/lib/amd64/libjpeg.so
7fbda08f3000-7fbda08f4000 rw-p 0003a000 08:03 13373849                   /usr/lib/jvm/java-8-oracle/jre/lib/amd64/libjpeg.so
7fbda08f4000-7fbda08f7000 ---p 00000000 00:00 0 
7fbda08f7000-7fbda0bb5000 rw-p 00000000 00:00 0 
7fbda0bb5000-7fbda0bf5000 ---p 00000000 00:00 0 
7fbda0bf5000-7fbda0bfa000 r-xp 00000000 08:03 12590846                   /usr/lib/x86_64-linux-gnu/libXdmcp.so.6.0.0
7fbda0bfa000-7fbda0df9000 ---p 00005000 08:03 12590846                   /usr/lib/x86_64-linux-gnu/libXdmcp.so.6.0.0
7fbda0df9000-7fbda0dfa000 r--p 00004000 08:03 12590846                   /usr/lib/x86_64-linux-gnu/libXdmcp.so.6.0.0
7fbda0dfa000-7fbda0dfb000 rw-p 00005000 08:03 12590846                   /usr/lib/x86_64-linux-gnu/libXdmcp.so.6.0.0
7fbda0dfb000-7fbda0dfd000 r-xp 00000000 08:03 12590835                   /usr/lib/x86_64-linux-gnu/libXau.so.6.0.0
7fbda0dfd000-7fbda0ffd000 ---p 00002000 08:03 12590835                   /usr/lib/x86_64-linux-gnu/libXau.so.6.0.0
7fbda0ffd000-7fbda0ffe000 r--p 00002000 08:03 12590835                   /usr/lib/x86_64-linux-gnu/libXau.so.6.0.0
7fbda0ffe000-7fbda0fff000 rw-p 00003000 08:03 12590835                   /usr/lib/x86_64-linux-gnu/libXau.so.6.0.0
7fbda0fff000-7fbda4000000 rw-p 00000000 00:00 0 
7fbda4000000-7fbda4021000 rw-p 00000000 00:00 0 
7fbda4021000-7fbda8000000 ---p 00000000 00:00 0 
7fbda8000000-7fbda8021000 rw-p 00000000 00:00 0 
7fbda8021000-7fbdac000000 ---p 00000000 00:00 0 
7fbdac000000-7fbdad36e000 rw-p 00000000 00:00 0 
7fbdad36e000-7fbdb0000000 ---p 00000000 00:00 0 
7fbdb0000000-7fbdb0719000 rw-p 00000000 00:00 0 
7fbdb0719000-7fbdb4000000 ---p 00000000 00:00 0 
7fbdb4000000-7fbdb4021000 rw-p 00000000 00:00 0 
7fbdb4021000-7fbdb8000000 ---p 00000000 00:00 0 
7fbdb8000000-7fbdb894d000 rw-p 00000000 00:00 0 
7fbdb894d000-7fbdbc000000 ---p 00000000 00:00 0 
7fbdbc000000-7fbdbc021000 rw-p 00000000 00:00 0 
7fbdbc021000-7fbdc0000000 ---p 00000000 00:00 0 
7fbdc0000000-7fbdc0021000 rw-p 00000000 00:00 0 
7fbdc0021000-7fbdc4000000 ---p 00000000 00:00 0 
7fbdc4000000-7fbdc4021000 rw-p 00000000 00:00 0 
7fbdc4021000-7fbdc8000000 ---p 00000000 00:00 0 
7fbdc80fb000-7fbdc811c000 r-xp 00000000 08:03 12592244                   /usr/lib/x86_64-linux-gnu/libxcb.so.1.1.0
7fbdc811c000-7fbdc831b000 ---p 00021000 08:03 12592244                   /usr/lib/x86_64-linux-gnu/libxcb.so.1.1.0
7fbdc831b000-7fbdc831c000 r--p 00020000 08:03 12592244                   /usr/lib/x86_64-linux-gnu/libxcb.so.1.1.0
7fbdc831c000-7fbdc831d000 rw-p 00021000 08:03 12592244                   /usr/lib/x86_64-linux-gnu/libxcb.so.1.1.0
7fbdc831d000-7fbdc832c000 r-xp 00000000 08:03 12590856                   /usr/lib/x86_64-linux-gnu/libXi.so.6.1.0
7fbdc832c000-7fbdc852b000 ---p 0000f000 08:03 12590856                   /usr/lib/x86_64-linux-gnu/libXi.so.6.1.0
7fbdc852b000-7fbdc852c000 r--p 0000e000 08:03 12590856                   /usr/lib/x86_64-linux-gnu/libXi.so.6.1.0
7fbdc852c000-7fbdc852d000 rw-p 0000f000 08:03 12590856                   /usr/lib/x86_64-linux-gnu/libXi.so.6.1.0
7fbdc852d000-7fbdc8532000 r-xp 00000000 08:03 12590874                   /usr/lib/x86_64-linux-gnu/libXtst.so.6.1.0
7fbdc8532000-7fbdc8731000 ---p 00005000 08:03 12590874                   /usr/lib/x86_64-linux-gnu/libXtst.so.6.1.0
7fbdc8731000-7fbdc8732000 r--p 00004000 08:03 12590874                   /usr/lib/x86_64-linux-gnu/libXtst.so.6.1.0
7fbdc8732000-7fbdc8733000 rw-p 00005000 08:03 12590874                   /usr/lib/x86_64-linux-gnu/libXtst.so.6.1.0
7fbdc8733000-7fbdc873c000 r-xp 00000000 08:03 12590868                   /usr/lib/x86_64-linux-gnu/libXrender.so.1.3.0
7fbdc873c000-7fbdc893b000 ---p 00009000 08:03 12590868                   /usr/lib/x86_64-linux-gnu/libXrender.so.1.3.0
7fbdc893b000-7fbdc893c000 r--p 00008000 08:03 12590868                   /usr/lib/x86_64-linux-gnu/libXrender.so.1.3.0
7fbdc893c000-7fbdc893d000 rw-p 00009000 08:03 12590868                   /usr/lib/x86_64-linux-gnu/libXrender.so.1.3.0
7fbdc893d000-7fbdc8a72000 r-xp 00000000 08:03 12590831                   /usr/lib/x86_64-linux-gnu/libX11.so.6.3.0
7fbdc8a72000-7fbdc8c72000 ---p 00135000 08:03 12590831                   /usr/lib/x86_64-linux-gnu/libX11.so.6.3.0
7fbdc8c72000-7fbdc8c73000 r--p 00135000 08:03 12590831                   /usr/lib/x86_64-linux-gnu/libX11.so.6.3.0
7fbdc8c73000-7fbdc8c77000 rw-p 00136000 08:03 12590831                   /usr/lib/x86_64-linux-gnu/libX11.so.6.3.0
7fbdc8c77000-7fbdc8c88000 r-xp 00000000 08:03 12590848                   /usr/lib/x86_64-linux-gnu/libXext.so.6.4.0
7fbdc8c88000-7fbdc8e87000 ---p 00011000 08:03 12590848                   /usr/lib/x86_64-linux-gnu/libXext.so.6.4.0
7fbdc8e87000-7fbdc8e88000 r--p 00010000 08:03 12590848                   /usr/lib/x86_64-linux-gnu/libXext.so.6.4.0
7fbdc8e88000-7fbdc8e89000 rw-p 00011000 08:03 12590848                   /usr/lib/x86_64-linux-gnu/libXext.so.6.4.0
7fbdc8e89000-7fbdc8edd000 r-xp 00000000 08:03 13373911                   /usr/lib/jvm/java-8-oracle/jre/lib/amd64/libawt_xawt.so
7fbdc8edd000-7fbdc90dd000 ---p 00054000 08:03 13373911                   /usr/lib/jvm/java-8-oracle/jre/lib/amd64/libawt_xawt.so
7fbdc90dd000-7fbdc90e1000 rw-p 00054000 08:03 13373911                   /usr/lib/jvm/java-8-oracle/jre/lib/amd64/libawt_xawt.so
7fbdc90e1000-7fbdc90e2000 rw-p 00000000 00:00 0 
7fbdc90e2000-7fbdc9184000 r-xp 00000000 08:03 13373897                   /usr/lib/jvm/java-8-oracle/jre/lib/amd64/libawt.so
7fbdc9184000-7fbdc9384000 ---p 000a2000 08:03 13373897                   /usr/lib/jvm/java-8-oracle/jre/lib/amd64/libawt.so
7fbdc9384000-7fbdc9390000 rw-p 000a2000 08:03 13373897                   /usr/lib/jvm/java-8-oracle/jre/lib/amd64/libawt.so
7fbdc9390000-7fbdc93b4000 rw-p 00000000 00:00 0 
7fbdc93b4000-7fbdc93ca000 r-xp 00000000 08:03 528829                     /lib/x86_64-linux-gnu/libgcc_s.so.1
7fbdc93ca000-7fbdc95c9000 ---p 00016000 08:03 528829                     /lib/x86_64-linux-gnu/libgcc_s.so.1
7fbdc95c9000-7fbdc95ca000 rw-p 00015000 08:03 528829                     /lib/x86_64-linux-gnu/libgcc_s.so.1
7fbdc95ca000-7fbdc95fc000 r-xp 00000000 08:03 13373855                   /usr/lib/jvm/java-8-oracle/jre/lib/amd64/libsunec.so
7fbdc95fc000-7fbdc97fb000 ---p 00032000 08:03 13373855                   /usr/lib/jvm/java-8-oracle/jre/lib/amd64/libsunec.so
7fbdc97fb000-7fbdc9801000 rw-p 00031000 08:03 13373855                   /usr/lib/jvm/java-8-oracle/jre/lib/amd64/libsunec.so
7fbdc9801000-7fbdc9811000 rw-p 00000000 00:00 0 
7fbdc9811000-7fbdc9827000 r-xp 00000000 08:03 13373904                   /usr/lib/jvm/java-8-oracle/jre/lib/amd64/libnet.so
7fbdc9827000-7fbdc9a27000 ---p 00016000 08:03 13373904                   /usr/lib/jvm/java-8-oracle/jre/lib/amd64/libnet.so
7fbdc9a27000-7fbdc9a28000 rw-p 00016000 08:03 13373904                   /usr/lib/jvm/java-8-oracle/jre/lib/amd64/libnet.so
7fbdc9a28000-7fbdc9a39000 r-xp 00000000 08:03 13373907                   /usr/lib/jvm/java-8-oracle/jre/lib/amd64/libnio.so
7fbdc9a39000-7fbdc9c38000 ---p 00011000 08:03 13373907                   /usr/lib/jvm/java-8-oracle/jre/lib/amd64/libnio.so
7fbdc9c38000-7fbdc9c39000 rw-p 00010000 08:03 13373907                   /usr/lib/jvm/java-8-oracle/jre/lib/amd64/libnio.so
7fbdc9c39000-7fbdc9c3a000 ---p 00000000 00:00 0 
7fbdc9c3a000-7fbdc9d3a000 rw-p 00000000 00:00 0 
7fbdc9d3a000-7fbdc9d3d000 ---p 00000000 00:00 0 
7fbdc9d3d000-7fbdc9e3b000 rw-p 00000000 00:00 0 
7fbdc9e3b000-7fbdc9e3e000 ---p 00000000 00:00 0 
7fbdc9e3e000-7fbdc9f3c000 rw-p 00000000 00:00 0 
7fbdc9f3c000-7fbdc9f3f000 ---p 00000000 00:00 0 
7fbdc9f3f000-7fbdca03d000 rw-p 00000000 00:00 0 
7fbdca03d000-7fbdca040000 ---p 00000000 00:00 0 
7fbdca040000-7fbdca13e000 rw-p 00000000 00:00 0 
7fbdca13e000-7fbdca141000 ---p 00000000 00:00 0 
7fbdca141000-7fbdca23f000 rw-p 00000000 00:00 0 
7fbdca23f000-7fbdca517000 r--p 00000000 08:03 12589931                   /usr/lib/locale/locale-archive
7fbdca517000-7fbdca51a000 ---p 00000000 00:00 0 
7fbdca51a000-7fbdca618000 rw-p 00000000 00:00 0 
7fbdca618000-7fbdca61b000 ---p 00000000 00:00 0 
7fbdca61b000-7fbdca719000 rw-p 00000000 00:00 0 
7fbdca719000-7fbdca71a000 ---p 00000000 00:00 0 
7fbdca71a000-7fbdcc000000 rw-p 00000000 00:00 0 
7fbdcc000000-7fbdcc021000 rw-p 00000000 00:00 0 
7fbdcc021000-7fbdd0000000 ---p 00000000 00:00 0 
7fbdd0000000-7fbdd0021000 rw-p 00000000 00:00 0 
7fbdd0021000-7fbdd4000000 ---p 00000000 00:00 0 
7fbdd4000000-7fbdd4021000 rw-p 00000000 00:00 0 
7fbdd4021000-7fbdd8000000 ---p 00000000 00:00 0 
7fbdd805e000-7fbddc000000 rw-p 00000000 00:00 0 
7fbddc000000-7fbddc021000 rw-p 00000000 00:00 0 
7fbddc021000-7fbde0000000 ---p 00000000 00:00 0 
7fbde000a000-7fbde000f000 r--s 002f9000 08:03 12724625                   /usr/lib/jvm/java-8-oracle/jre/lib/charsets.jar
7fbde000f000-7fbde0080000 r--s 00837000 08:03 3671069                    /home/ankit/Desktop/z2pMail/node_modules/tabula-js/lib/tabula-java.jar
7fbde0080000-7fbde0181000 rw-p 00000000 00:00 0 
7fbde0181000-7fbde035b000 r--s 03d68000 08:03 12724627                   /usr/lib/jvm/java-8-oracle/jre/lib/rt.jar
7fbde035b000-7fbde03d1000 rw-p 00000000 00:00 0 
7fbde03d1000-7fbde03d2000 ---p 00000000 00:00 0 
7fbde03d2000-7fbde04d2000 rw-p 00000000 00:00 0 
7fbde04d2000-7fbde04d3000 ---p 00000000 00:00 0 
7fbde04d3000-7fbde05fd000 rw-p 00000000 00:00 0 
7fbde05fd000-7fbde0865000 ---p 00000000 00:00 0 
7fbde0865000-7fbde088f000 rw-p 00000000 00:00 0 
7fbde088f000-7fbde0af6000 ---p 00000000 00:00 0 
7fbde0af6000-7fbde0b1b000 rw-p 00000000 00:00 0 
7fbde0b1b000-7fbde0c3f000 ---p 00000000 00:00 0 
7fbde0c3f000-7fbde0c58000 rw-p 00000000 00:00 0 
7fbde0c58000-7fbde1000000 ---p 00000000 00:00 0 
7fbde1000000-7fbde15e0000 rwxp 00000000 00:00 0 
7fbde15e0000-7fbdf0000000 ---p 00000000 00:00 0 
7fbdf0000000-7fbdf06f5000 rw-p 00000000 00:00 0 
7fbdf06f5000-7fbdf4000000 ---p 00000000 00:00 0 
7fbdf4002000-7fbdf401e000 r--s 00393000 08:03 12982596                   /usr/lib/jvm/java-8-oracle/jre/lib/ext/cldrdata.jar
7fbdf401e000-7fbdf401f000 ---p 00000000 00:00 0 
7fbdf401f000-7fbdf411f000 rw-p 00000000 00:00 0 
7fbdf411f000-7fbdf4120000 ---p 00000000 00:00 0 
7fbdf4120000-7fbdf4220000 rw-p 00000000 00:00 0 
7fbdf4220000-7fbdf423b000 r-xp 00000000 08:03 13373900                   /usr/lib/jvm/java-8-oracle/jre/lib/amd64/libzip.so
7fbdf423b000-7fbdf443b000 ---p 0001b000 08:03 13373900                   /usr/lib/jvm/java-8-oracle/jre/lib/amd64/libzip.so
7fbdf443b000-7fbdf443c000 rw-p 0001b000 08:03 13373900                   /usr/lib/jvm/java-8-oracle/jre/lib/amd64/libzip.so
7fbdf443c000-7fbdf4447000 r-xp 00000000 08:03 524384                     /lib/x86_64-linux-gnu/libnss_files-2.23.so
7fbdf4447000-7fbdf4646000 ---p 0000b000 08:03 524384                     /lib/x86_64-linux-gnu/libnss_files-2.23.so
7fbdf4646000-7fbdf4647000 r--p 0000a000 08:03 524384                     /lib/x86_64-linux-gnu/libnss_files-2.23.so
7fbdf4647000-7fbdf4648000 rw-p 0000b000 08:03 524384                     /lib/x86_64-linux-gnu/libnss_files-2.23.so
7fbdf4648000-7fbdf464e000 rw-p 00000000 00:00 0 
7fbdf464e000-7fbdf4659000 r-xp 00000000 08:03 528691                     /lib/x86_64-linux-gnu/libnss_nis-2.23.so
7fbdf4659000-7fbdf4858000 ---p 0000b000 08:03 528691                     /lib/x86_64-linux-gnu/libnss_nis-2.23.so
7fbdf4858000-7fbdf4859000 r--p 0000a000 08:03 528691                     /lib/x86_64-linux-gnu/libnss_nis-2.23.so
7fbdf4859000-7fbdf485a000 rw-p 0000b000 08:03 528691                     /lib/x86_64-linux-gnu/libnss_nis-2.23.so
7fbdf485a000-7fbdf4870000 r-xp 00000000 08:03 524302                     /lib/x86_64-linux-gnu/libnsl-2.23.so
7fbdf4870000-7fbdf4a6f000 ---p 00016000 08:03 524302                     /lib/x86_64-linux-gnu/libnsl-2.23.so
7fbdf4a6f000-7fbdf4a70000 r--p 00015000 08:03 524302                     /lib/x86_64-linux-gnu/libnsl-2.23.so
7fbdf4a70000-7fbdf4a71000 rw-p 00016000 08:03 524302                     /lib/x86_64-linux-gnu/libnsl-2.23.so
7fbdf4a71000-7fbdf4a73000 rw-p 00000000 00:00 0 
7fbdf4a73000-7fbdf4a7b000 r-xp 00000000 08:03 524379                     /lib/x86_64-linux-gnu/libnss_compat-2.23.so
7fbdf4a7b000-7fbdf4c7a000 ---p 00008000 08:03 524379                     /lib/x86_64-linux-gnu/libnss_compat-2.23.so
7fbdf4c7a000-7fbdf4c7b000 r--p 00007000 08:03 524379                     /lib/x86_64-linux-gnu/libnss_compat-2.23.so
7fbdf4c7b000-7fbdf4c7c000 rw-p 00008000 08:03 524379                     /lib/x86_64-linux-gnu/libnss_compat-2.23.so
7fbdf4c7c000-7fbdf4ca7000 r-xp 00000000 08:03 13373894                   /usr/lib/jvm/java-8-oracle/jre/lib/amd64/libjava.so
7fbdf4ca7000-7fbdf4ea6000 ---p 0002b000 08:03 13373894                   /usr/lib/jvm/java-8-oracle/jre/lib/amd64/libjava.so
7fbdf4ea6000-7fbdf4ea8000 rw-p 0002a000 08:03 13373894                   /usr/lib/jvm/java-8-oracle/jre/lib/amd64/libjava.so
7fbdf4ea8000-7fbdf4eb5000 r-xp 00000000 08:03 13373899                   /usr/lib/jvm/java-8-oracle/jre/lib/amd64/libverify.so
7fbdf4eb5000-7fbdf50b5000 ---p 0000d000 08:03 13373899                   /usr/lib/jvm/java-8-oracle/jre/lib/amd64/libverify.so
7fbdf50b5000-7fbdf50b7000 rw-p 0000d000 08:03 13373899                   /usr/lib/jvm/java-8-oracle/jre/lib/amd64/libverify.so
7fbdf50b7000-7fbdf50be000 r-xp 00000000 08:03 528808                     /lib/x86_64-linux-gnu/librt-2.23.so
7fbdf50be000-7fbdf52bd000 ---p 00007000 08:03 528808                     /lib/x86_64-linux-gnu/librt-2.23.so
7fbdf52bd000-7fbdf52be000 r--p 00006000 08:03 528808                     /lib/x86_64-linux-gnu/librt-2.23.so
7fbdf52be000-7fbdf52bf000 rw-p 00007000 08:03 528808                     /lib/x86_64-linux-gnu/librt-2.23.so
7fbdf52bf000-7fbdf53c7000 r-xp 00000000 08:03 524293                     /lib/x86_64-linux-gnu/libm-2.23.so
7fbdf53c7000-7fbdf55c6000 ---p 00108000 08:03 524293                     /lib/x86_64-linux-gnu/libm-2.23.so
7fbdf55c6000-7fbdf55c7000 r--p 00107000 08:03 524293                     /lib/x86_64-linux-gnu/libm-2.23.so
7fbdf55c7000-7fbdf55c8000 rw-p 00108000 08:03 524293                     /lib/x86_64-linux-gnu/libm-2.23.so
7fbdf55c8000-7fbdf62a1000 r-xp 00000000 08:03 13373876                   /usr/lib/jvm/java-8-oracle/jre/lib/amd64/server/libjvm.so
7fbdf62a1000-7fbdf64a0000 ---p 00cd9000 08:03 13373876                   /usr/lib/jvm/java-8-oracle/jre/lib/amd64/server/libjvm.so
7fbdf64a0000-7fbdf657a000 rw-p 00cd8000 08:03 13373876                   /usr/lib/jvm/java-8-oracle/jre/lib/amd64/server/libjvm.so
7fbdf657a000-7fbdf65c5000 rw-p 00000000 00:00 0 
7fbdf65c5000-7fbdf6785000 r-xp 00000000 08:03 524371                     /lib/x86_64-linux-gnu/libc-2.23.so
7fbdf6785000-7fbdf6985000 ---p 001c0000 08:03 524371                     /lib/x86_64-linux-gnu/libc-2.23.so
7fbdf6985000-7fbdf6989000 r--p 001c0000 08:03 524371                     /lib/x86_64-linux-gnu/libc-2.23.so
7fbdf6989000-7fbdf698b000 rw-p 001c4000 08:03 524371                     /lib/x86_64-linux-gnu/libc-2.23.so
7fbdf698b000-7fbdf698f000 rw-p 00000000 00:00 0 
7fbdf698f000-7fbdf6992000 r-xp 00000000 08:03 524373                     /lib/x86_64-linux-gnu/libdl-2.23.so
7fbdf6992000-7fbdf6b91000 ---p 00003000 08:03 524373                     /lib/x86_64-linux-gnu/libdl-2.23.so
7fbdf6b91000-7fbdf6b92000 r--p 00002000 08:03 524373                     /lib/x86_64-linux-gnu/libdl-2.23.so
7fbdf6b92000-7fbdf6b93000 rw-p 00003000 08:03 524373                     /lib/x86_64-linux-gnu/libdl-2.23.so
7fbdf6b93000-7fbdf6ba9000 r-xp 00000000 08:03 13373871                   /usr/lib/jvm/java-8-oracle/jre/lib/amd64/jli/libjli.so
7fbdf6ba9000-7fbdf6da8000 ---p 00016000 08:03 13373871                   /usr/lib/jvm/java-8-oracle/jre/lib/amd64/jli/libjli.so
7fbdf6da8000-7fbdf6da9000 rw-p 00015000 08:03 13373871                   /usr/lib/jvm/java-8-oracle/jre/lib/amd64/jli/libjli.so
7fbdf6da9000-7fbdf6dc1000 r-xp 00000000 08:03 524313                     /lib/x86_64-linux-gnu/libpthread-2.23.so
7fbdf6dc1000-7fbdf6fc0000 ---p 00018000 08:03 524313                     /lib/x86_64-linux-gnu/libpthread-2.23.so
7fbdf6fc0000-7fbdf6fc1000 r--p 00017000 08:03 524313                     /lib/x86_64-linux-gnu/libpthread-2.23.so
7fbdf6fc1000-7fbdf6fc2000 rw-p 00018000 08:03 524313                     /lib/x86_64-linux-gnu/libpthread-2.23.so
7fbdf6fc2000-7fbdf6fc6000 rw-p 00000000 00:00 0 
7fbdf6fc6000-7fbdf6fec000 r-xp 00000000 08:03 524305                     /lib/x86_64-linux-gnu/ld-2.23.so
7fbdf6fed000-7fbdf6ff2000 r--s 0003f000 08:03 12982604                   /usr/lib/jvm/java-8-oracle/jre/lib/ext/sunjce_provider.jar
7fbdf6ff2000-7fbdf6ff4000 r--s 00009000 08:03 12982594                   /usr/lib/jvm/java-8-oracle/jre/lib/ext/sunec.jar
7fbdf6ff4000-7fbdf6ff8000 r--s 0003a000 08:03 12982601                   /usr/lib/jvm/java-8-oracle/jre/lib/ext/sunpkcs11.jar
7fbdf6ff8000-7fbdf6ffd000 r--s 0009d000 08:03 12724632                   /usr/lib/jvm/java-8-oracle/jre/lib/jsse.jar
7fbdf6ffd000-7fbdf70ce000 rw-p 00000000 00:00 0 
7fbdf70ce000-7fbdf70d1000 ---p 00000000 00:00 0 
7fbdf70d1000-7fbdf71d4000 rw-p 00000000 00:00 0 
7fbdf71d4000-7fbdf71d7000 r--s 0001a000 08:03 12724638                   /usr/lib/jvm/java-8-oracle/jre/lib/jce.jar
7fbdf71d7000-7fbdf71e1000 r--s 00116000 08:03 12982603                   /usr/lib/jvm/java-8-oracle/jre/lib/ext/localedata.jar
7fbdf71e1000-7fbdf71e9000 rw-s 00000000 08:03 2623605                    /tmp/hsperfdata_ankit/15341
7fbdf71e9000-7fbdf71ea000 rw-p 00000000 00:00 0 
7fbdf71ea000-7fbdf71eb000 r--p 00000000 00:00 0 
7fbdf71eb000-7fbdf71ec000 r--p 00025000 08:03 524305                     /lib/x86_64-linux-gnu/ld-2.23.so
7fbdf71ec000-7fbdf71ed000 rw-p 00026000 08:03 524305                     /lib/x86_64-linux-gnu/ld-2.23.so
7fbdf71ed000-7fbdf71ee000 rw-p 00000000 00:00 0 
7ffd1835a000-7ffd1837b000 rw-p 00000000 00:00 0                          [stack]
7ffd1837f000-7ffd18382000 r--p 00000000 00:00 0                          [vvar]
7ffd18382000-7ffd18384000 r-xp 00000000 00:00 0                          [vdso]
ffffffffff600000-ffffffffff601000 r-xp 00000000 00:00 0                  [vsyscall]

VM Arguments:
java_command: /home/ankit/Desktop/z2pMail/node_modules/tabula-js/lib/tabula-java.jar --pages all public/hdfc.PDF
java_class_path (initial): /home/ankit/Desktop/z2pMail/node_modules/tabula-js/lib/tabula-java.jar
Launcher Type: SUN_STANDARD

Environment Variables:
JAVA_HOME=/usr/lib/jvm/java-8-oracle
PATH=/home/ankit/Desktop/z2pMail/node_modules/.bin:/home/ankit/.nvm/versions/node/v8.9.4/bin:/home/ankit/bin:/home/ankit/.local/bin:/usr/local/sbin:/usr/local/bin:/usr/sbin:/usr/bin:/sbin:/bin:/usr/games:/usr/local/games:/snap/bin:/usr/lib/jvm/java-8-oracle/bin:/usr/lib/jvm/java-8-oracle/db/bin:/usr/lib/jvm/java-8-oracle/jre/bin
SHELL=/bin/bash
DISPLAY=:0

Signal Handlers:
SIGSEGV: [libjvm.so+0xad0890], sa_mask[0]=11111111011111111101111111111110, sa_flags=SA_RESTART|SA_SIGINFO
SIGBUS: [libjvm.so+0xad0890], sa_mask[0]=11111111011111111101111111111110, sa_flags=SA_RESTART|SA_SIGINFO
SIGFPE: [libjvm.so+0x928640], sa_mask[0]=11111111011111111101111111111110, sa_flags=SA_RESTART|SA_SIGINFO
SIGPIPE: [libjvm.so+0x928640], sa_mask[0]=11111111011111111101111111111110, sa_flags=SA_RESTART|SA_SIGINFO
SIGXFSZ: [libjvm.so+0x928640], sa_mask[0]=11111111011111111101111111111110, sa_flags=SA_RESTART|SA_SIGINFO
SIGILL: [libjvm.so+0x928640], sa_mask[0]=11111111011111111101111111111110, sa_flags=SA_RESTART|SA_SIGINFO
SIGUSR1: SIG_DFL, sa_mask[0]=00000000000000000000000000000000, sa_flags=none
SIGUSR2: [libjvm.so+0x929ea0], sa_mask[0]=00000000000000000000000000000000, sa_flags=SA_RESTART|SA_SIGINFO
SIGHUP: [libjvm.so+0x92b2a0], sa_mask[0]=11111111011111111101111111111110, sa_flags=SA_RESTART|SA_SIGINFO
SIGINT: [libjvm.so+0x92b2a0], sa_mask[0]=11111111011111111101111111111110, sa_flags=SA_RESTART|SA_SIGINFO
SIGTERM: [libjvm.so+0x92b2a0], sa_mask[0]=11111111011111111101111111111110, sa_flags=SA_RESTART|SA_SIGINFO
SIGQUIT: [libjvm.so+0x92b2a0], sa_mask[0]=11111111011111111101111111111110, sa_flags=SA_RESTART|SA_SIGINFO


---------------  S Y S T E M  ---------------

OS:DISTRIB_ID=Ubuntu
DISTRIB_RELEASE=16.04
DISTRIB_CODENAME=xenial
DISTRIB_DESCRIPTION="Ubuntu 16.04.4 LTS"

uname:Linux 4.13.0-45-generic #50~16.04.1-Ubuntu SMP Wed May 30 11:18:27 UTC 2018 x86_64
libc:glibc 2.23 NPTL 2.23 
rlimit: STACK 8192k, CORE 0k, NPROC 30847, NOFILE 1048576, AS infinity
load average:1.93 1.74 1.33

/proc/meminfo:
MemTotal:        8073132 kB
MemFree:          317532 kB
MemAvailable:    2155336 kB
Buffers:          416912 kB
Cached:          1840680 kB
SwapCached:            0 kB
Active:          5709924 kB
Inactive:        1302580 kB
Active(anon):    4661364 kB
Inactive(anon):   664856 kB
Active(file):    1048560 kB
Inactive(file):   637724 kB
Unevictable:        1868 kB
Mlocked:            1868 kB
SwapTotal:       9999356 kB
SwapFree:        9999356 kB
Dirty:               780 kB
Writeback:             0 kB
AnonPages:       4757108 kB
Mapped:           966228 kB
Shmem:            571052 kB
Slab:             530484 kB
SReclaimable:     460508 kB
SUnreclaim:        69976 kB
KernelStack:       21348 kB
PageTables:        99132 kB
NFS_Unstable:          0 kB
Bounce:                0 kB
WritebackTmp:          0 kB
CommitLimit:    14035920 kB
Committed_AS:   18325180 kB
VmallocTotal:   34359738367 kB
VmallocUsed:           0 kB
VmallocChunk:          0 kB
HardwareCorrupted:     0 kB
AnonHugePages:         0 kB
ShmemHugePages:        0 kB
ShmemPmdMapped:        0 kB
CmaTotal:              0 kB
CmaFree:               0 kB
HugePages_Total:       0
HugePages_Free:        0
HugePages_Rsvd:        0
HugePages_Surp:        0
Hugepagesize:       2048 kB
DirectMap4k:      275060 kB
DirectMap2M:     8017920 kB


CPU:total 4 (initial active 4) (2 cores per cpu, 2 threads per core) family 6 model 58 stepping 9, cmov, cx8, fxsr, mmx, sse, sse2, sse3, ssse3, sse4.1, sse4.2, popcnt, avx, aes, clmul, erms, ht, tsc, tscinvbit, tscinv

/proc/cpuinfo:
processor	: 0
vendor_id	: GenuineIntel
cpu family	: 6
model		: 58
model name	: Intel(R) Core(TM) i5-3210M CPU @ 2.50GHz
stepping	: 9
microcode	: 0x1f
cpu MHz		: 2724.884
cache size	: 3072 KB
physical id	: 0
siblings	: 4
core id		: 0
cpu cores	: 2
apicid		: 0
initial apicid	: 0
fpu		: yes
fpu_exception	: yes
cpuid level	: 13
wp		: yes
flags		: fpu vme de pse tsc msr pae mce cx8 apic sep mtrr pge mca cmov pat pse36 clflush dts acpi mmx fxsr sse sse2 ss ht tm pbe syscall nx rdtscp lm constant_tsc arch_perfmon pebs bts rep_good nopl xtopology nonstop_tsc cpuid aperfmperf pni pclmulqdq dtes64 monitor ds_cpl vmx est tm2 ssse3 cx16 xtpr pdcm pcid sse4_1 sse4_2 x2apic popcnt tsc_deadline_timer aes xsave avx f16c rdrand lahf_lm cpuid_fault pti retpoline spec_ctrl tpr_shadow vnmi flexpriority ept vpid fsgsbase smep erms xsaveopt dtherm ida arat pln pts
bugs		: cpu_meltdown spectre_v1 spectre_v2 spec_store_bypass
bogomips	: 4988.80
clflush size	: 64
cache_alignment	: 64
address sizes	: 36 bits physical, 48 bits virtual
power management:

processor	: 1
vendor_id	: GenuineIntel
cpu family	: 6
model		: 58
model name	: Intel(R) Core(TM) i5-3210M CPU @ 2.50GHz
stepping	: 9
microcode	: 0x1f
cpu MHz		: 2855.074
cache size	: 3072 KB
physical id	: 0
siblings	: 4
core id		: 1
cpu cores	: 2
apicid		: 2
initial apicid	: 2
fpu		: yes
fpu_exception	: yes
cpuid level	: 13
wp		: yes
flags		: fpu vme de pse tsc msr pae mce cx8 apic sep mtrr pge mca cmov pat pse36 clflush dts acpi mmx fxsr sse sse2 ss ht tm pbe syscall nx rdtscp lm constant_tsc arch_perfmon pebs bts rep_good nopl xtopology nonstop_tsc cpuid aperfmperf pni pclmulqdq dtes64 monitor ds_cpl vmx est tm2 ssse3 cx16 xtpr pdcm pcid sse4_1 sse4_2 x2apic popcnt tsc_deadline_timer aes xsave avx f16c rdrand lahf_lm cpuid_fault pti retpoline spec_ctrl tpr_shadow vnmi flexpriority ept vpid fsgsbase smep erms xsaveopt dtherm ida arat pln pts
bugs		: cpu_meltdown spectre_v1 spectre_v2 spec_store_bypass
bogomips	: 4988.80
clflush size	: 64
cache_alignment	: 64
address sizes	: 36 bits physical, 48 bits virtual
power management:

processor	: 2
vendor_id	: GenuineIntel
cpu family	: 6
model		: 58
model name	: Intel(R) Core(TM) i5-3210M CPU @ 2.50GHz
stepping	: 9
microcode	: 0x1f
cpu MHz		: 2783.848
cache size	: 3072 KB
physical id	: 0
siblings	: 4
core id		: 0
cpu cores	: 2
apicid		: 1
initial apicid	: 1
fpu		: yes
fpu_exception	: yes
cpuid level	: 13
wp		: yes
flags		: fpu vme de pse tsc msr pae mce cx8 apic sep mtrr pge mca cmov pat pse36 clflush dts acpi mmx fxsr sse sse2 ss ht tm pbe syscall nx rdtscp lm constant_tsc arch_perfmon pebs bts rep_good nopl xtopology nonstop_tsc cpuid aperfmperf pni pclmulqdq dtes64 monitor ds_cpl vmx est tm2 ssse3 cx16 xtpr pdcm pcid sse4_1 sse4_2 x2apic popcnt tsc_deadline_timer aes xsave avx f16c rdrand lahf_lm cpuid_fault pti retpoline spec_ctrl tpr_shadow vnmi flexpriority ept vpid fsgsbase smep erms xsaveopt dtherm ida arat pln pts
bugs		: cpu_meltdown spectre_v1 spectre_v2 spec_store_bypass
bogomips	: 4988.80
clflush size	: 64
cache_alignment	: 64
address sizes	: 36 bits physical, 48 bits virtual
power management:

processor	: 3
vendor_id	: GenuineIntel
cpu family	: 6
model		: 58
model name	: Intel(R) Core(TM) i5-3210M CPU @ 2.50GHz
stepping	: 9
microcode	: 0x1f
cpu MHz		: 2739.929
cache size	: 3072 KB
physical id	: 0
siblings	: 4
core id		: 1
cpu cores	: 2
apicid		: 3
initial apicid	: 3
fpu		: yes
fpu_exception	: yes
cpuid level	: 13
wp		: yes
flags		: fpu vme de pse tsc msr pae mce cx8 apic sep mtrr pge mca cmov pat pse36 clflush dts acpi mmx fxsr sse sse2 ss ht tm pbe syscall nx rdtscp lm constant_tsc arch_perfmon pebs bts rep_good nopl xtopology nonstop_tsc cpuid aperfmperf pni pclmulqdq dtes64 monitor ds_cpl vmx est tm2 ssse3 cx16 xtpr pdcm pcid sse4_1 sse4_2 x2apic popcnt tsc_deadline_timer aes xsave avx f16c rdrand lahf_lm cpuid_fault pti retpoline spec_ctrl tpr_shadow vnmi flexpriority ept vpid fsgsbase smep erms xsaveopt dtherm ida arat pln pts
bugs		: cpu_meltdown spectre_v1 spectre_v2 spec_store_bypass
bogomips	: 4988.80
clflush size	: 64
cache_alignment	: 64
address sizes	: 36 bits physical, 48 bits virtual
power management:



Memory: 4k page, physical 8073132k(317532k free), swap 9999356k(9999356k free)

vm_info: Java HotSpot(TM) 64-Bit Server VM (25.171-b11) for linux-amd64 JRE (1.8.0_171-b11), built on Mar 28 2018 17:07:08 by "java_re" with gcc 4.3.0 20080428 (Red Hat 4.3.0-8)

time: Mon Jul  9 14:22:45 2018
elapsed time: 422 seconds (0d 0h 7m 2s)

