#
# A fatal error has been detected by the Java Runtime Environment:
#
#  SIGSEGV (0xb) at pc=0x00007fb022211c42, pid=4107, tid=0x00007fb0236bf700
#
# JRE version: OpenJDK Runtime Environment (8.0_171-b11) (build 1.8.0_171-8u171-b11-0ubuntu0.16.04.1-b11)
# Java VM: OpenJDK 64-Bit Server VM (25.171-b11 mixed mode linux-amd64 compressed oops)
# Problematic frame:
# V  [libjvm.so+0x8b5c42]
#
# Failed to write core dump. Core dumps have been disabled. To enable core dumping, try "ulimit -c unlimited" before starting Java again
#
# If you would like to submit a bug report, please visit:
#   http://bugreport.java.com/bugreport/crash.jsp
#

---------------  T H R E A D  ---------------

Current thread is native thread

siginfo: si_signo: 11 (SIGSEGV), si_code: 1 (SEGV_MAPERR), si_addr: 0x0000000000000110

Registers:
RAX=0x0000000000000000, RBX=0x00007fb0236bf698, RCX=0x00007fb0228a998d, RDX=0x00007fb0236bfa20
RSP=0x00007ffdf6894ef0, RBP=0x00007ffdf6894fb0, RSI=0x00007ffdf68950f0, RDI=0x0000000000000001
R8 =0x00000000000000ca, R9 =0x00007fb0236bd9d0, R10=0x0000000000000000, R11=0x0000000000000246
R12=0x00007ffdf6895560, R13=0x0000000000000000, R14=0x00007ffdf68950f0, R15=0x00007ffdf6894fc0
RIP=0x00007fb022211c42, EFLAGS=0x0000000000010246, CSGSFS=0x002b000000000033, ERR=0x0000000000000004
  TRAPNO=0x000000000000000e

Top of Stack: (sp=0x00007ffdf6894ef0)
0x00007ffdf6894ef0:   0000000000000000 00007fb021962cc2
0x00007ffdf6894f00:   00007fb02195fc68 00007ffdf6894f78
0x00007ffdf6894f10:   0000000015f261d1 000000000057c987
0x00007ffdf6894f20:   00007ffd00000011 00007ffdf6895050
0x00007ffdf6894f30:   00007fb0228a3ef8 00007fb022f576ce
0x00007ffdf6894f40:   00007ffdf68954f0 00007ffdf68954e0
0x00007ffdf6894f50:   00007fb0232b0dc1 00007ffdf6895628
0x00007ffdf6894f60:   0000000000000000 00007fb022f2992d
0x00007ffdf6894f70:   0000000000000000 eeafa98ec4cb7700
0x00007ffdf6894f80:   0000000000000064 00007fb0236bd700
0x00007ffdf6894f90:   00007ffdf6895560 0000000000000000
0x00007ffdf6894fa0:   00007fb0236bf700 00007fb0236bdd28
0x00007ffdf6894fb0:   00007ffdf68955c8 00007fb022f114b0
0x00007ffdf6894fc0:   0000000000000007 0000000000000000
0x00007ffdf6894fd0:   0000000000000000 0000000000000002
0x00007ffdf6894fe0:   0000000000000000 00000000000000ca
0x00007ffdf6894ff0:   00007fb0236bd9d0 0000000000000000
0x00007ffdf6895000:   0000000000000246 00007ffdf6895560
0x00007ffdf6895010:   0000000000000000 00007fb0236bf700
0x00007ffdf6895020:   00007fb0236bdd28 00007fb0236bd9d0
0x00007ffdf6895030:   0000000000000000 00007ffdf68955c8
0x00007ffdf6895040:   00007fb0236bd700 000000000000100d
0x00007ffdf6895050:   00000000000000ca 00007fb0228a998d
0x00007ffdf6895060:   00007ffdf6895550 00007fb0228a998b
0x00007ffdf6895070:   0000000000000246 002b000000000033
0x00007ffdf6895080:   0000000000000000 0000000000000000
0x00007ffdf6895090:   0000000000000000 0000000000000000
0x00007ffdf68950a0:   00007ffdf6895180 00007fb0234befe1
0x00007ffdf68950b0:   00007fb022eecff8 00007fb0228a400d
0x00007ffdf68950c0:   00007fb0228a1f60 00007ffdf6895138
0x00007ffdf68950d0:   000000007972d654 0000000001e5cb59
0x00007ffdf68950e0:   00007ffd00000014 0000000000000000 

Instructions: (pc=0x00007fb022211c42)
0x00007fb022211c22:   00 48 89 45 c8 31 c0 e8 b2 89 93 ff 44 8b 28 48
0x00007fb022211c32:   89 c3 48 8d 05 8d a9 64 00 8b 38 e8 2e 8c 93 ff
0x00007fb022211c42:   4c 8b a0 10 01 00 00 41 8b 84 24 a8 00 00 00 83
0x00007fb022211c52:   f8 01 74 2a 48 8b 45 c8 64 48 33 04 25 28 00 00 

Register to memory mapping:

RAX=0x0000000000000000 is an unknown value
RBX=0x00007fb0236bf698 is an unknown value
RCX=0x00007fb0228a998d: pthread_join+0xbd in /lib/x86_64-linux-gnu/libpthread.so.0 at 0x00007fb0228a1000
RDX=0x00007fb0236bfa20 is an unknown value
RSP=0x00007ffdf6894ef0 is an unknown value
RBP=0x00007ffdf6894fb0 is an unknown value
RSI=0x00007ffdf68950f0 is an unknown value
RDI=0x0000000000000001 is an unknown value
R8 =0x00000000000000ca is an unknown value
R9 =0x00007fb0236bd9d0 is pointing into the stack for thread: 0x00007fb01c00a800
R10=0x0000000000000000 is an unknown value
R11=0x0000000000000246 is an unknown value
R12=0x00007ffdf6895560 is an unknown value
R13=0x0000000000000000 is an unknown value
R14=0x00007ffdf68950f0 is an unknown value
R15=0x00007ffdf6894fc0 is an unknown value


Stack: [0x00007ffdf679c000,0x00007ffdf689c000],  sp=0x00007ffdf6894ef0,  free space=995k
Native frames: (J=compiled Java code, j=interpreted, Vv=VM code, C=native code)
V  [libjvm.so+0x8b5c42]
C  [libc.so.6+0x354b0]


---------------  P R O C E S S  ---------------

VM state:not at safepoint (normal execution)

VM Mutex/Monitor currently owned by a thread: None

Heap:
 PSYoungGen      total 46592K, used 3202K [0x000000078c700000, 0x000000078fb00000, 0x00000007c0000000)
  eden space 39936K, 8% used [0x000000078c700000,0x000000078ca20bb8,0x000000078ee00000)
  from space 6656K, 0% used [0x000000078f480000,0x000000078f480000,0x000000078fb00000)
  to   space 6656K, 0% used [0x000000078ee00000,0x000000078ee00000,0x000000078f480000)
 ParOldGen       total 106496K, used 0K [0x0000000725400000, 0x000000072bc00000, 0x000000078c700000)
  object space 106496K, 0% used [0x0000000725400000,0x0000000725400000,0x000000072bc00000)
 Metaspace       used 3983K, capacity 4884K, committed 5120K, reserved 1056768K
  class space    used 433K, capacity 464K, committed 512K, reserved 1048576K

Card table byte_map: [0x00007fb00c769000,0x00007fb00cc40000] byte_map_base: 0x00007fb008e3f000

Marking Bits: (ParMarkBitMap*) 0x00007fb022884320
 Begin Bits: [0x00007faff72a0000, 0x00007faff9950000)
 End Bits:   [0x00007faff9950000, 0x00007faffc000000)

Polling page: 0x00007fb0236d8000

CodeCache: size=245760Kb used=1318Kb max_used=1327Kb free=244441Kb
 bounds [0x00007fb00d000000, 0x00007fb00d270000, 0x00007fb01c000000]
 total_blobs=357 nmethods=110 adapters=162
 compilation: enabled

Compilation events (10 events):
Event: 13.516 Thread 0x00007fb01c183800 nmethod 106 0x00007fb00d146b10 code [0x00007fb00d146ea0, 0x00007fb00d149218]
Event: 13.516 Thread 0x00007fb01c183800  107       3       java.lang.ClassLoader::findLoadedClass (16 bytes)
Event: 13.516 Thread 0x00007fb01c183800 nmethod 107 0x00007fb00d145d10 code [0x00007fb00d145ea0, 0x00007fb00d1460d8]
Event: 13.516 Thread 0x00007fb01c183800  105       1       java.lang.reflect.Method::getName (5 bytes)
Event: 13.516 Thread 0x00007fb01c183800 nmethod 105 0x00007fb00d145a50 code [0x00007fb00d145ba0, 0x00007fb00d145cb0]
Event: 13.518 Thread 0x00007fb01c182000 nmethod 108 0x00007fb00d144050 code [0x00007fb00d1441a0, 0x00007fb00d144418]
Event: 13.522 Thread 0x00007fb01c183800  109       3       java.util.HashMap::newNode (13 bytes)
Event: 13.523 Thread 0x00007fb01c183800 nmethod 109 0x00007fb00d145510 code [0x00007fb00d145680, 0x00007fb00d145930]
Event: 13.523 Thread 0x00007fb01c183800  110       3       java.util.HashMap::afterNodeInsertion (1 bytes)
Event: 13.523 Thread 0x00007fb01c183800 nmethod 110 0x00007fb00d145210 code [0x00007fb00d145360, 0x00007fb00d1454b0]

GC Heap History (0 events):
No events

Deoptimization events (0 events):
No events

Classes redefined (0 events):
No events

Internal exceptions (9 events):
Event: 3.517 Thread 0x00007fb01c00a800 Exception <a 'java/lang/NoSuchMethodError': Method sun.misc.Unsafe.defineClass(Ljava/lang/String;[BII)Ljava/lang/Class; name or signature does not match> (0x000000078c707cb0) thrown at [/build/openjdk-8-wnL82d/openjdk-8-8u171-b11/src/hotspot/src/share/vm/
Event: 3.517 Thread 0x00007fb01c00a800 Exception <a 'java/lang/NoSuchMethodError': Method sun.misc.Unsafe.prefetchRead(Ljava/lang/Object;J)V name or signature does not match> (0x000000078c707f98) thrown at [/build/openjdk-8-wnL82d/openjdk-8-8u171-b11/src/hotspot/src/share/vm/prims/jni.cpp, lin
Event: 10.892 Thread 0x00007fb01c00a800 Exception <a 'java/security/PrivilegedActionException'> (0x000000078c7b8398) thrown at [/build/openjdk-8-wnL82d/openjdk-8-8u171-b11/src/hotspot/src/share/vm/prims/jvm.cpp, line 1435]
Event: 10.893 Thread 0x00007fb01c00a800 Exception <a 'java/security/PrivilegedActionException'> (0x000000078c7b8790) thrown at [/build/openjdk-8-wnL82d/openjdk-8-8u171-b11/src/hotspot/src/share/vm/prims/jvm.cpp, line 1435]
Event: 10.893 Thread 0x00007fb01c00a800 Exception <a 'java/security/PrivilegedActionException'> (0x000000078c7baa00) thrown at [/build/openjdk-8-wnL82d/openjdk-8-8u171-b11/src/hotspot/src/share/vm/prims/jvm.cpp, line 1435]
Event: 10.893 Thread 0x00007fb01c00a800 Exception <a 'java/security/PrivilegedActionException'> (0x000000078c7badf8) thrown at [/build/openjdk-8-wnL82d/openjdk-8-8u171-b11/src/hotspot/src/share/vm/prims/jvm.cpp, line 1435]
Event: 10.893 Thread 0x00007fb01c00a800 Exception <a 'java/security/PrivilegedActionException'> (0x000000078c7bbab8) thrown at [/build/openjdk-8-wnL82d/openjdk-8-8u171-b11/src/hotspot/src/share/vm/prims/jvm.cpp, line 1435]
Event: 10.893 Thread 0x00007fb01c00a800 Exception <a 'java/security/PrivilegedActionException'> (0x000000078c7bbeb0) thrown at [/build/openjdk-8-wnL82d/openjdk-8-8u171-b11/src/hotspot/src/share/vm/prims/jvm.cpp, line 1435]
Event: 13.511 Thread 0x00007fb01c00a800 Exception <a 'java/lang/NoClassDefFoundError': org/apache/log4j/Category> (0x000000078c9b9568) thrown at [/build/openjdk-8-wnL82d/openjdk-8-8u171-b11/src/hotspot/src/share/vm/classfile/systemDictionary.cpp, line 199]

Events (10 events):
Event: 13.570 loading class java/util/logging/LogManager$Cleaner done
Event: 13.570 loading class java/lang/ApplicationShutdownHooks
Event: 13.607 loading class java/lang/ApplicationShutdownHooks done
Event: 13.607 loading class java/lang/ApplicationShutdownHooks$1
Event: 13.607 loading class java/lang/ApplicationShutdownHooks$1 done
Event: 13.608 loading class java/lang/Shutdown
Event: 13.636 loading class java/lang/Shutdown done
Event: 13.636 loading class java/lang/Shutdown$Lock
Event: 13.636 loading class java/lang/Shutdown$Lock done
Event: 13.637 loading class java/util/IdentityHashMap


Dynamic libraries:
00400000-00401000 r-xp 00000000 08:03 12585029                           /usr/lib/jvm/java-8-openjdk-amd64/jre/bin/java
00600000-00601000 r--p 00000000 08:03 12585029                           /usr/lib/jvm/java-8-openjdk-amd64/jre/bin/java
00601000-00602000 rw-p 00001000 08:03 12585029                           /usr/lib/jvm/java-8-openjdk-amd64/jre/bin/java
025ba000-02605000 rw-p 00000000 00:00 0                                  [heap]
725400000-72bc00000 rw-p 00000000 00:00 0 
72bc00000-78c700000 ---p 00000000 00:00 0 
78c700000-78fb00000 rw-p 00000000 00:00 0 
78fb00000-7c0000000 ---p 00000000 00:00 0 
7c0000000-7c0080000 rw-p 00000000 00:00 0 
7c0080000-800000000 ---p 00000000 00:00 0 
7fafd0000000-7fafd0021000 rw-p 00000000 00:00 0 
7fafd0021000-7fafd4000000 ---p 00000000 00:00 0 
7fafd4000000-7fafd4021000 rw-p 00000000 00:00 0 
7fafd4021000-7fafd8000000 ---p 00000000 00:00 0 
7fafd8000000-7fafd803e000 rw-p 00000000 00:00 0 
7fafd803e000-7fafdc000000 ---p 00000000 00:00 0 
7fafdc000000-7fafdc1c5000 rw-p 00000000 00:00 0 
7fafdc1c5000-7fafe0000000 ---p 00000000 00:00 0 
7fafe0000000-7fafe0021000 rw-p 00000000 00:00 0 
7fafe0021000-7fafe4000000 ---p 00000000 00:00 0 
7fafe4000000-7fafe403e000 rw-p 00000000 00:00 0 
7fafe403e000-7fafe8000000 ---p 00000000 00:00 0 
7fafe8000000-7fafe8021000 rw-p 00000000 00:00 0 
7fafe8021000-7fafec000000 ---p 00000000 00:00 0 
7fafec000000-7fafec021000 rw-p 00000000 00:00 0 
7fafec021000-7faff0000000 ---p 00000000 00:00 0 
7faff0000000-7faff0021000 rw-p 00000000 00:00 0 
7faff0021000-7faff4000000 ---p 00000000 00:00 0 
7faff4824000-7faff4895000 r--s 00837000 08:03 3671069                    /home/ankit/Desktop/z2pMail/node_modules/tabula-js/lib/tabula-java.jar
7faff4895000-7faff4896000 ---p 00000000 00:00 0 
7faff4896000-7faff4996000 rw-p 00000000 00:00 0 
7faff4996000-7faff4999000 ---p 00000000 00:00 0 
7faff4999000-7faff4a97000 rw-p 00000000 00:00 0 
7faff4a97000-7faff4a9a000 ---p 00000000 00:00 0 
7faff4a9a000-7faff4b98000 rw-p 00000000 00:00 0 
7faff4b98000-7faff4b9b000 ---p 00000000 00:00 0 
7faff4b9b000-7faff4c99000 rw-p 00000000 00:00 0 
7faff4c99000-7faff4c9c000 ---p 00000000 00:00 0 
7faff4c9c000-7faff4d9a000 rw-p 00000000 00:00 0 
7faff4d9a000-7faff4d9d000 ---p 00000000 00:00 0 
7faff4d9d000-7faff4e9b000 rw-p 00000000 00:00 0 
7faff4e9b000-7faff5173000 r--p 00000000 08:03 12589931                   /usr/lib/locale/locale-archive
7faff5173000-7faff5176000 ---p 00000000 00:00 0 
7faff5176000-7faff5274000 rw-p 00000000 00:00 0 
7faff5274000-7faff5277000 ---p 00000000 00:00 0 
7faff5277000-7faff5375000 rw-p 00000000 00:00 0 
7faff5375000-7faff5376000 ---p 00000000 00:00 0 
7faff5376000-7faff6385000 rw-p 00000000 00:00 0 
7faff6385000-7faff6554000 r--s 03c2f000 08:03 12585975                   /usr/lib/jvm/java-8-openjdk-amd64/jre/lib/rt.jar
7faff6554000-7faff6a4a000 rw-p 00000000 00:00 0 
7faff6a4a000-7faff6dca000 ---p 00000000 00:00 0 
7faff6dca000-7faffc000000 rw-p 00000000 00:00 0 
7faffc000000-7faffc021000 rw-p 00000000 00:00 0 
7faffc021000-7fb000000000 ---p 00000000 00:00 0 
7fb000000000-7fb000021000 rw-p 00000000 00:00 0 
7fb000021000-7fb004000000 ---p 00000000 00:00 0 
7fb004000000-7fb004021000 rw-p 00000000 00:00 0 
7fb004021000-7fb008000000 ---p 00000000 00:00 0 
7fb008000000-7fb008021000 rw-p 00000000 00:00 0 
7fb008021000-7fb00c000000 ---p 00000000 00:00 0 
7fb00c010000-7fb00c02b000 r--s 001d6000 08:03 12585042                   /usr/lib/jvm/java-8-openjdk-amd64/jre/lib/ext/nashorn.jar
7fb00c02b000-7fb00c02c000 ---p 00000000 00:00 0 
7fb00c02c000-7fb00c12c000 rw-p 00000000 00:00 0 
7fb00c12c000-7fb00c12d000 ---p 00000000 00:00 0 
7fb00c12d000-7fb00c22d000 rw-p 00000000 00:00 0 
7fb00c22d000-7fb00c22e000 ---p 00000000 00:00 0 
7fb00c22e000-7fb00c32e000 rw-p 00000000 00:00 0 
7fb00c32e000-7fb00c32f000 ---p 00000000 00:00 0 
7fb00c32f000-7fb00c463000 rw-p 00000000 00:00 0 
7fb00c463000-7fb00c769000 ---p 00000000 00:00 0 
7fb00c769000-7fb00c79d000 rw-p 00000000 00:00 0 
7fb00c79d000-7fb00caa2000 ---p 00000000 00:00 0 
7fb00caa2000-7fb00cabd000 rw-p 00000000 00:00 0 
7fb00cabd000-7fb00cc3f000 ---p 00000000 00:00 0 
7fb00cc3f000-7fb00cc4a000 rw-p 00000000 00:00 0 
7fb00cc4a000-7fb00d000000 ---p 00000000 00:00 0 
7fb00d000000-7fb00d270000 rwxp 00000000 00:00 0 
7fb00d270000-7fb01c000000 ---p 00000000 00:00 0 
7fb01c000000-7fb01c290000 rw-p 00000000 00:00 0 
7fb01c290000-7fb020000000 ---p 00000000 00:00 0 
7fb020005000-7fb020020000 r--s 00394000 08:03 12585039                   /usr/lib/jvm/java-8-openjdk-amd64/jre/lib/ext/cldrdata.jar
7fb020020000-7fb02002a000 r--s 00116000 08:03 12585044                   /usr/lib/jvm/java-8-openjdk-amd64/jre/lib/ext/localedata.jar
7fb02002a000-7fb020032000 r-xp 00000000 08:03 12585071                   /usr/lib/jvm/java-8-openjdk-amd64/jre/lib/amd64/libzip.so
7fb020032000-7fb020231000 ---p 00008000 08:03 12585071                   /usr/lib/jvm/java-8-openjdk-amd64/jre/lib/amd64/libzip.so
7fb020231000-7fb020232000 r--p 00007000 08:03 12585071                   /usr/lib/jvm/java-8-openjdk-amd64/jre/lib/amd64/libzip.so
7fb020232000-7fb020233000 rw-p 00008000 08:03 12585071                   /usr/lib/jvm/java-8-openjdk-amd64/jre/lib/amd64/libzip.so
7fb020233000-7fb02023e000 r-xp 00000000 08:03 524384                     /lib/x86_64-linux-gnu/libnss_files-2.23.so
7fb02023e000-7fb02043d000 ---p 0000b000 08:03 524384                     /lib/x86_64-linux-gnu/libnss_files-2.23.so
7fb02043d000-7fb02043e000 r--p 0000a000 08:03 524384                     /lib/x86_64-linux-gnu/libnss_files-2.23.so
7fb02043e000-7fb02043f000 rw-p 0000b000 08:03 524384                     /lib/x86_64-linux-gnu/libnss_files-2.23.so
7fb02043f000-7fb020445000 rw-p 00000000 00:00 0 
7fb020445000-7fb020450000 r-xp 00000000 08:03 528691                     /lib/x86_64-linux-gnu/libnss_nis-2.23.so
7fb020450000-7fb02064f000 ---p 0000b000 08:03 528691                     /lib/x86_64-linux-gnu/libnss_nis-2.23.so
7fb02064f000-7fb020650000 r--p 0000a000 08:03 528691                     /lib/x86_64-linux-gnu/libnss_nis-2.23.so
7fb020650000-7fb020651000 rw-p 0000b000 08:03 528691                     /lib/x86_64-linux-gnu/libnss_nis-2.23.so
7fb020651000-7fb020667000 r-xp 00000000 08:03 524302                     /lib/x86_64-linux-gnu/libnsl-2.23.so
7fb020667000-7fb020866000 ---p 00016000 08:03 524302                     /lib/x86_64-linux-gnu/libnsl-2.23.so
7fb020866000-7fb020867000 r--p 00015000 08:03 524302                     /lib/x86_64-linux-gnu/libnsl-2.23.so
7fb020867000-7fb020868000 rw-p 00016000 08:03 524302                     /lib/x86_64-linux-gnu/libnsl-2.23.so
7fb020868000-7fb02086a000 rw-p 00000000 00:00 0 
7fb02086a000-7fb020872000 r-xp 00000000 08:03 524379                     /lib/x86_64-linux-gnu/libnss_compat-2.23.so
7fb020872000-7fb020a71000 ---p 00008000 08:03 524379                     /lib/x86_64-linux-gnu/libnss_compat-2.23.so
7fb020a71000-7fb020a72000 r--p 00007000 08:03 524379                     /lib/x86_64-linux-gnu/libnss_compat-2.23.so
7fb020a72000-7fb020a73000 rw-p 00008000 08:03 524379                     /lib/x86_64-linux-gnu/libnss_compat-2.23.so
7fb020a73000-7fb020aa0000 r-xp 00000000 08:03 12585062                   /usr/lib/jvm/java-8-openjdk-amd64/jre/lib/amd64/libjava.so
7fb020aa0000-7fb020c9f000 ---p 0002d000 08:03 12585062                   /usr/lib/jvm/java-8-openjdk-amd64/jre/lib/amd64/libjava.so
7fb020c9f000-7fb020ca0000 r--p 0002c000 08:03 12585062                   /usr/lib/jvm/java-8-openjdk-amd64/jre/lib/amd64/libjava.so
7fb020ca0000-7fb020ca2000 rw-p 0002d000 08:03 12585062                   /usr/lib/jvm/java-8-openjdk-amd64/jre/lib/amd64/libjava.so
7fb020ca2000-7fb020cb1000 r-xp 00000000 08:03 12585048                   /usr/lib/jvm/java-8-openjdk-amd64/jre/lib/amd64/libverify.so
7fb020cb1000-7fb020eb0000 ---p 0000f000 08:03 12585048                   /usr/lib/jvm/java-8-openjdk-amd64/jre/lib/amd64/libverify.so
7fb020eb0000-7fb020eb2000 r--p 0000e000 08:03 12585048                   /usr/lib/jvm/java-8-openjdk-amd64/jre/lib/amd64/libverify.so
7fb020eb2000-7fb020eb3000 rw-p 00010000 08:03 12585048                   /usr/lib/jvm/java-8-openjdk-amd64/jre/lib/amd64/libverify.so
7fb020eb3000-7fb020eba000 r-xp 00000000 08:03 528808                     /lib/x86_64-linux-gnu/librt-2.23.so
7fb020eba000-7fb0210b9000 ---p 00007000 08:03 528808                     /lib/x86_64-linux-gnu/librt-2.23.so
7fb0210b9000-7fb0210ba000 r--p 00006000 08:03 528808                     /lib/x86_64-linux-gnu/librt-2.23.so
7fb0210ba000-7fb0210bb000 rw-p 00007000 08:03 528808                     /lib/x86_64-linux-gnu/librt-2.23.so
7fb0210bb000-7fb0210d1000 r-xp 00000000 08:03 528829                     /lib/x86_64-linux-gnu/libgcc_s.so.1
7fb0210d1000-7fb0212d0000 ---p 00016000 08:03 528829                     /lib/x86_64-linux-gnu/libgcc_s.so.1
7fb0212d0000-7fb0212d1000 rw-p 00015000 08:03 528829                     /lib/x86_64-linux-gnu/libgcc_s.so.1
7fb0212d1000-7fb0213d9000 r-xp 00000000 08:03 524293                     /lib/x86_64-linux-gnu/libm-2.23.so
7fb0213d9000-7fb0215d8000 ---p 00108000 08:03 524293                     /lib/x86_64-linux-gnu/libm-2.23.so
7fb0215d8000-7fb0215d9000 r--p 00107000 08:03 524293                     /lib/x86_64-linux-gnu/libm-2.23.so
7fb0215d9000-7fb0215da000 rw-p 00108000 08:03 524293                     /lib/x86_64-linux-gnu/libm-2.23.so
7fb0215da000-7fb02174c000 r-xp 00000000 08:03 12584962                   /usr/lib/x86_64-linux-gnu/libstdc++.so.6.0.21
7fb02174c000-7fb02194c000 ---p 00172000 08:03 12584962                   /usr/lib/x86_64-linux-gnu/libstdc++.so.6.0.21
7fb02194c000-7fb021956000 r--p 00172000 08:03 12584962                   /usr/lib/x86_64-linux-gnu/libstdc++.so.6.0.21
7fb021956000-7fb021958000 rw-p 0017c000 08:03 12584962                   /usr/lib/x86_64-linux-gnu/libstdc++.so.6.0.21
7fb021958000-7fb02195c000 rw-p 00000000 00:00 0 
7fb02195c000-7fb0225b5000 r-xp 00000000 08:03 12585077                   /usr/lib/jvm/java-8-openjdk-amd64/jre/lib/amd64/server/libjvm.so
7fb0225b5000-7fb0227b5000 ---p 00c59000 08:03 12585077                   /usr/lib/jvm/java-8-openjdk-amd64/jre/lib/amd64/server/libjvm.so
7fb0227b5000-7fb022848000 r--p 00c59000 08:03 12585077                   /usr/lib/jvm/java-8-openjdk-amd64/jre/lib/amd64/server/libjvm.so
7fb022848000-7fb022871000 rw-p 00cec000 08:03 12585077                   /usr/lib/jvm/java-8-openjdk-amd64/jre/lib/amd64/server/libjvm.so
7fb022871000-7fb0228a1000 rw-p 00000000 00:00 0 
7fb0228a1000-7fb0228b9000 r-xp 00000000 08:03 524313                     /lib/x86_64-linux-gnu/libpthread-2.23.so
7fb0228b9000-7fb022ab8000 ---p 00018000 08:03 524313                     /lib/x86_64-linux-gnu/libpthread-2.23.so
7fb022ab8000-7fb022ab9000 r--p 00017000 08:03 524313                     /lib/x86_64-linux-gnu/libpthread-2.23.so
7fb022ab9000-7fb022aba000 rw-p 00018000 08:03 524313                     /lib/x86_64-linux-gnu/libpthread-2.23.so
7fb022aba000-7fb022abe000 rw-p 00000000 00:00 0 
7fb022abe000-7fb022ac1000 r-xp 00000000 08:03 524373                     /lib/x86_64-linux-gnu/libdl-2.23.so
7fb022ac1000-7fb022cc0000 ---p 00003000 08:03 524373                     /lib/x86_64-linux-gnu/libdl-2.23.so
7fb022cc0000-7fb022cc1000 r--p 00002000 08:03 524373                     /lib/x86_64-linux-gnu/libdl-2.23.so
7fb022cc1000-7fb022cc2000 rw-p 00003000 08:03 524373                     /lib/x86_64-linux-gnu/libdl-2.23.so
7fb022cc2000-7fb022cdb000 r-xp 00000000 08:03 528764                     /lib/x86_64-linux-gnu/libz.so.1.2.8
7fb022cdb000-7fb022eda000 ---p 00019000 08:03 528764                     /lib/x86_64-linux-gnu/libz.so.1.2.8
7fb022eda000-7fb022edb000 r--p 00018000 08:03 528764                     /lib/x86_64-linux-gnu/libz.so.1.2.8
7fb022edb000-7fb022edc000 rw-p 00019000 08:03 528764                     /lib/x86_64-linux-gnu/libz.so.1.2.8
7fb022edc000-7fb02309c000 r-xp 00000000 08:03 524371                     /lib/x86_64-linux-gnu/libc-2.23.so
7fb02309c000-7fb02329c000 ---p 001c0000 08:03 524371                     /lib/x86_64-linux-gnu/libc-2.23.so
7fb02329c000-7fb0232a0000 r--p 001c0000 08:03 524371                     /lib/x86_64-linux-gnu/libc-2.23.so
7fb0232a0000-7fb0232a2000 rw-p 001c4000 08:03 524371                     /lib/x86_64-linux-gnu/libc-2.23.so
7fb0232a2000-7fb0232a6000 rw-p 00000000 00:00 0 
7fb0232a6000-7fb0232b3000 r-xp 00000000 08:03 12585073                   /usr/lib/jvm/java-8-openjdk-amd64/jre/lib/amd64/jli/libjli.so
7fb0232b3000-7fb0234b3000 ---p 0000d000 08:03 12585073                   /usr/lib/jvm/java-8-openjdk-amd64/jre/lib/amd64/jli/libjli.so
7fb0234b3000-7fb0234b4000 r--p 0000d000 08:03 12585073                   /usr/lib/jvm/java-8-openjdk-amd64/jre/lib/amd64/jli/libjli.so
7fb0234b4000-7fb0234b5000 rw-p 0000e000 08:03 12585073                   /usr/lib/jvm/java-8-openjdk-amd64/jre/lib/amd64/jli/libjli.so
7fb0234b5000-7fb0234db000 r-xp 00000000 08:03 524305                     /lib/x86_64-linux-gnu/ld-2.23.so
7fb0234dd000-7fb0234e3000 r--s 0003b000 08:03 12585040                   /usr/lib/jvm/java-8-openjdk-amd64/jre/lib/ext/sunjce_provider.jar
7fb0234e3000-7fb0235bd000 rw-p 00000000 00:00 0 
7fb0235bd000-7fb0235c0000 ---p 00000000 00:00 0 
7fb0235c0000-7fb0236c2000 rw-p 00000000 00:00 0 
7fb0236c3000-7fb0236c4000 r--s 0000a000 08:03 12585043                   /usr/lib/jvm/java-8-openjdk-amd64/jre/lib/ext/jaccess.jar
7fb0236c4000-7fb0236c5000 r--s 00010000 08:03 12585036                   /usr/lib/jvm/java-8-openjdk-amd64/jre/lib/ext/zipfs.jar
7fb0236c5000-7fb0236c8000 r--s 0000f000 08:03 12585041                   /usr/lib/jvm/java-8-openjdk-amd64/jre/lib/ext/icedtea-sound.jar
7fb0236c8000-7fb0236ca000 r--s 00008000 08:03 12585035                   /usr/lib/jvm/java-8-openjdk-amd64/jre/lib/ext/sunec.jar
7fb0236ca000-7fb0236cc000 r--s 00001000 08:03 12585037                   /usr/lib/jvm/java-8-openjdk-amd64/jre/lib/ext/dnsns.jar
7fb0236cc000-7fb0236cf000 r--s 00038000 08:03 12585038                   /usr/lib/jvm/java-8-openjdk-amd64/jre/lib/ext/sunpkcs11.jar
7fb0236cf000-7fb0236d7000 rw-s 00000000 08:03 2623314                    /tmp/hsperfdata_ankit/4107
7fb0236d7000-7fb0236d8000 rw-p 00000000 00:00 0 
7fb0236d8000-7fb0236d9000 r--p 00000000 00:00 0 
7fb0236d9000-7fb0236da000 rw-p 00000000 00:00 0 
7fb0236da000-7fb0236db000 r--p 00025000 08:03 524305                     /lib/x86_64-linux-gnu/ld-2.23.so
7fb0236db000-7fb0236dc000 rw-p 00026000 08:03 524305                     /lib/x86_64-linux-gnu/ld-2.23.so
7fb0236dc000-7fb0236dd000 rw-p 00000000 00:00 0 
7ffdf687b000-7ffdf689c000 rw-p 00000000 00:00 0                          [stack]
7ffdf68b0000-7ffdf68b3000 r--p 00000000 00:00 0                          [vvar]
7ffdf68b3000-7ffdf68b5000 r-xp 00000000 00:00 0                          [vdso]
ffffffffff600000-ffffffffff601000 r-xp 00000000 00:00 0                  [vsyscall]

VM Arguments:
java_command: /home/ankit/Desktop/z2pMail/node_modules/tabula-js/lib/tabula-java.jar public/Test-1.PDF
java_class_path (initial): /home/ankit/Desktop/z2pMail/node_modules/tabula-js/lib/tabula-java.jar
Launcher Type: SUN_STANDARD

Environment Variables:
PATH=/home/ankit/Desktop/z2pMail/node_modules/.bin:/home/ankit/.nvm/versions/node/v8.9.4/bin:/home/ankit/bin:/home/ankit/.local/bin:/usr/local/sbin:/usr/local/bin:/usr/sbin:/usr/bin:/sbin:/bin:/usr/games:/usr/local/games:/snap/bin
SHELL=/bin/bash
DISPLAY=:0

Signal Handlers:
SIGSEGV: [libjvm.so+0xa6e6f0], sa_mask[0]=11111111011111111101111111111110, sa_flags=SA_RESTART|SA_SIGINFO
SIGBUS: [libjvm.so+0xa6e6f0], sa_mask[0]=11111111011111111101111111111110, sa_flags=SA_RESTART|SA_SIGINFO
SIGFPE: [libjvm.so+0x8b5d50], sa_mask[0]=11111111011111111101111111111110, sa_flags=SA_RESTART|SA_SIGINFO
SIGPIPE: [libjvm.so+0x8b5d50], sa_mask[0]=11111111011111111101111111111110, sa_flags=SA_RESTART|SA_SIGINFO
SIGXFSZ: [libjvm.so+0x8b5d50], sa_mask[0]=11111111011111111101111111111110, sa_flags=SA_RESTART|SA_SIGINFO
SIGILL: [libjvm.so+0x8b5d50], sa_mask[0]=11111111011111111101111111111110, sa_flags=SA_RESTART|SA_SIGINFO
SIGUSR1: SIG_DFL, sa_mask[0]=00000000000000000000000000000000, sa_flags=none
SIGUSR2: [libjvm.so+0x8b5c00], sa_mask[0]=00000000000000000000000000000000, sa_flags=SA_RESTART|SA_SIGINFO
SIGHUP: [libjvm.so+0x8b60d0], sa_mask[0]=11111111011111111101111111111110, sa_flags=SA_RESTART|SA_SIGINFO
SIGINT: [libjvm.so+0x8b60d0], sa_mask[0]=11111111011111111101111111111110, sa_flags=SA_RESTART|SA_SIGINFO
SIGTERM: [libjvm.so+0x8b60d0], sa_mask[0]=11111111011111111101111111111110, sa_flags=SA_RESTART|SA_SIGINFO
SIGQUIT: [libjvm.so+0x8b60d0], sa_mask[0]=11111111011111111101111111111110, sa_flags=SA_RESTART|SA_SIGINFO


---------------  S Y S T E M  ---------------

OS:DISTRIB_ID=Ubuntu
DISTRIB_RELEASE=16.04
DISTRIB_CODENAME=xenial
DISTRIB_DESCRIPTION="Ubuntu 16.04.4 LTS"

uname:Linux 4.13.0-45-generic #50~16.04.1-Ubuntu SMP Wed May 30 11:18:27 UTC 2018 x86_64
libc:glibc 2.23 NPTL 2.23 
rlimit: STACK 8192k, CORE 0k, NPROC 38911, NOFILE 1048576, AS infinity
load average:12.09 9.33 4.25

/proc/meminfo:
MemTotal:       10137500 kB
MemFree:         5944488 kB
MemAvailable:    7372812 kB
Buffers:          202068 kB
Cached:          1951676 kB
SwapCached:            0 kB
Active:          2344184 kB
Inactive:        1556312 kB
Active(anon):    1748840 kB
Inactive(anon):   541228 kB
Active(file):     595344 kB
Inactive(file):  1015084 kB
Unevictable:        1272 kB
Mlocked:            1272 kB
SwapTotal:       9999356 kB
SwapFree:        9999356 kB
Dirty:               528 kB
Writeback:           196 kB
AnonPages:       1748088 kB
Mapped:           718568 kB
Shmem:            543320 kB
Slab:             146984 kB
SReclaimable:     100816 kB
SUnreclaim:        46168 kB
KernelStack:       13660 kB
PageTables:        54012 kB
NFS_Unstable:          0 kB
Bounce:                0 kB
WritebackTmp:          0 kB
CommitLimit:    15068104 kB
Committed_AS:    9571116 kB
VmallocTotal:   34359738367 kB
VmallocUsed:           0 kB
VmallocChunk:          0 kB
HardwareCorrupted:     0 kB
AnonHugePages:         0 kB
ShmemHugePages:        0 kB
ShmemPmdMapped:        0 kB
CmaTotal:              0 kB
CmaFree:               0 kB
HugePages_Total:       0
HugePages_Free:        0
HugePages_Rsvd:        0
HugePages_Surp:        0
Hugepagesize:       2048 kB
DirectMap4k:      156276 kB
DirectMap2M:    10233856 kB


CPU:total 4 (initial active 4) (2 cores per cpu, 2 threads per core) family 6 model 58 stepping 9, cmov, cx8, fxsr, mmx, sse, sse2, sse3, ssse3, sse4.1, sse4.2, popcnt, avx, aes, clmul, erms, ht, tsc, tscinvbit, tscinv

/proc/cpuinfo:
processor	: 0
vendor_id	: GenuineIntel
cpu family	: 6
model		: 58
model name	: Intel(R) Core(TM) i5-3210M CPU @ 2.50GHz
stepping	: 9
microcode	: 0x1f
cpu MHz		: 2893.391
cache size	: 3072 KB
physical id	: 0
siblings	: 4
core id		: 0
cpu cores	: 2
apicid		: 0
initial apicid	: 0
fpu		: yes
fpu_exception	: yes
cpuid level	: 13
wp		: yes
flags		: fpu vme de pse tsc msr pae mce cx8 apic sep mtrr pge mca cmov pat pse36 clflush dts acpi mmx fxsr sse sse2 ss ht tm pbe syscall nx rdtscp lm constant_tsc arch_perfmon pebs bts rep_good nopl xtopology nonstop_tsc cpuid aperfmperf pni pclmulqdq dtes64 monitor ds_cpl vmx est tm2 ssse3 cx16 xtpr pdcm pcid sse4_1 sse4_2 x2apic popcnt tsc_deadline_timer aes xsave avx f16c rdrand lahf_lm cpuid_fault pti retpoline spec_ctrl tpr_shadow vnmi flexpriority ept vpid fsgsbase smep erms xsaveopt dtherm ida arat pln pts
bugs		: cpu_meltdown spectre_v1 spectre_v2 spec_store_bypass
bogomips	: 4988.68
clflush size	: 64
cache_alignment	: 64
address sizes	: 36 bits physical, 48 bits virtual
power management:

processor	: 1
vendor_id	: GenuineIntel
cpu family	: 6
model		: 58
model name	: Intel(R) Core(TM) i5-3210M CPU @ 2.50GHz
stepping	: 9
microcode	: 0x1f
cpu MHz		: 2893.435
cache size	: 3072 KB
physical id	: 0
siblings	: 4
core id		: 1
cpu cores	: 2
apicid		: 2
initial apicid	: 2
fpu		: yes
fpu_exception	: yes
cpuid level	: 13
wp		: yes
flags		: fpu vme de pse tsc msr pae mce cx8 apic sep mtrr pge mca cmov pat pse36 clflush dts acpi mmx fxsr sse sse2 ss ht tm pbe syscall nx rdtscp lm constant_tsc arch_perfmon pebs bts rep_good nopl xtopology nonstop_tsc cpuid aperfmperf pni pclmulqdq dtes64 monitor ds_cpl vmx est tm2 ssse3 cx16 xtpr pdcm pcid sse4_1 sse4_2 x2apic popcnt tsc_deadline_timer aes xsave avx f16c rdrand lahf_lm cpuid_fault pti retpoline spec_ctrl tpr_shadow vnmi flexpriority ept vpid fsgsbase smep erms xsaveopt dtherm ida arat pln pts
bugs		: cpu_meltdown spectre_v1 spectre_v2 spec_store_bypass
bogomips	: 4988.68
clflush size	: 64
cache_alignment	: 64
address sizes	: 36 bits physical, 48 bits virtual
power management:

processor	: 2
vendor_id	: GenuineIntel
cpu family	: 6
model		: 58
model name	: Intel(R) Core(TM) i5-3210M CPU @ 2.50GHz
stepping	: 9
microcode	: 0x1f
cpu MHz		: 2893.434
cache size	: 3072 KB
physical id	: 0
siblings	: 4
core id		: 0
cpu cores	: 2
apicid		: 1
initial apicid	: 1
fpu		: yes
fpu_exception	: yes
cpuid level	: 13
wp		: yes
flags		: fpu vme de pse tsc msr pae mce cx8 apic sep mtrr pge mca cmov pat pse36 clflush dts acpi mmx fxsr sse sse2 ss ht tm pbe syscall nx rdtscp lm constant_tsc arch_perfmon pebs bts rep_good nopl xtopology nonstop_tsc cpuid aperfmperf pni pclmulqdq dtes64 monitor ds_cpl vmx est tm2 ssse3 cx16 xtpr pdcm pcid sse4_1 sse4_2 x2apic popcnt tsc_deadline_timer aes xsave avx f16c rdrand lahf_lm cpuid_fault pti retpoline spec_ctrl tpr_shadow vnmi flexpriority ept vpid fsgsbase smep erms xsaveopt dtherm ida arat pln pts
bugs		: cpu_meltdown spectre_v1 spectre_v2 spec_store_bypass
bogomips	: 4988.68
clflush size	: 64
cache_alignment	: 64
address sizes	: 36 bits physical, 48 bits virtual
power management:

processor	: 3
vendor_id	: GenuineIntel
cpu family	: 6
model		: 58
model name	: Intel(R) Core(TM) i5-3210M CPU @ 2.50GHz
stepping	: 9
microcode	: 0x1f
cpu MHz		: 2893.435
cache size	: 3072 KB
physical id	: 0
siblings	: 4
core id		: 1
cpu cores	: 2
apicid		: 3
initial apicid	: 3
fpu		: yes
fpu_exception	: yes
cpuid level	: 13
wp		: yes
flags		: fpu vme de pse tsc msr pae mce cx8 apic sep mtrr pge mca cmov pat pse36 clflush dts acpi mmx fxsr sse sse2 ss ht tm pbe syscall nx rdtscp lm constant_tsc arch_perfmon pebs bts rep_good nopl xtopology nonstop_tsc cpuid aperfmperf pni pclmulqdq dtes64 monitor ds_cpl vmx est tm2 ssse3 cx16 xtpr pdcm pcid sse4_1 sse4_2 x2apic popcnt tsc_deadline_timer aes xsave avx f16c rdrand lahf_lm cpuid_fault pti retpoline spec_ctrl tpr_shadow vnmi flexpriority ept vpid fsgsbase smep erms xsaveopt dtherm ida arat pln pts
bugs		: cpu_meltdown spectre_v1 spectre_v2 spec_store_bypass
bogomips	: 4988.68
clflush size	: 64
cache_alignment	: 64
address sizes	: 36 bits physical, 48 bits virtual
power management:



Memory: 4k page, physical 10137500k(5944400k free), swap 9999356k(9999356k free)

vm_info: OpenJDK 64-Bit Server VM (25.171-b11) for linux-amd64 JRE (1.8.0_171-8u171-b11-0ubuntu0.16.04.1-b11), built on Apr 27 2018 17:19:03 by "buildd" with gcc 5.4.0 20160609

time: Fri Jul  6 12:26:39 2018
elapsed time: 13 seconds (0d 0h 0m 13s)

